23:43:12.379 [ INFO] com.zhenxin.sell.SellApplication        : Starting SellApplication on ZHENXIN-PC with PID 6424 (D:\MyProject\springBootWeChatFood\sell\target\classes started by zhenxin in D:\MyProject\springBootWeChatFood\sell)
23:43:12.429 [ INFO] com.zhenxin.sell.SellApplication        : No active profile set, falling back to default profiles: default
23:43:12.889 [ INFO] ationConfigEmbeddedWebApplicationContext: Refreshing org.springframework.boot.context.embedded.AnnotationConfigEmbeddedWebApplicationContext@f6efaab: startup date [Mon Jun 25 23:43:12 CST 2018]; root of context hierarchy
23:43:15.029 [ INFO] o.h.validator.internal.util.Version     : HV000001: Hibernate Validator 5.3.6.Final
23:43:18.719 [ INFO] .s.d.r.c.RepositoryConfigurationDelegate: Multiple Spring Data modules found, entering strict repository configuration mode!
23:43:18.989 [ INFO] .s.d.r.c.RepositoryConfigurationDelegate: Multiple Spring Data modules found, entering strict repository configuration mode!
23:43:19.109 [ INFO] .RepositoryConfigurationExtensionSupport: Spring Data Redis - Could not safely identify store assignment for repository candidate interface com.zhenxin.sell.repository.OrderMasterRepository.
23:43:19.109 [ INFO] .RepositoryConfigurationExtensionSupport: Spring Data Redis - Could not safely identify store assignment for repository candidate interface com.zhenxin.sell.repository.OrderDetailRepository.
23:43:19.109 [ INFO] .RepositoryConfigurationExtensionSupport: Spring Data Redis - Could not safely identify store assignment for repository candidate interface com.zhenxin.sell.repository.ProductInfoRepository.
23:43:19.109 [ INFO] .RepositoryConfigurationExtensionSupport: Spring Data Redis - Could not safely identify store assignment for repository candidate interface com.zhenxin.sell.repository.SellerInfoRepository.
23:43:19.109 [ INFO] .RepositoryConfigurationExtensionSupport: Spring Data Redis - Could not safely identify store assignment for repository candidate interface com.zhenxin.sell.repository.ProductCategoryRepository.
23:43:21.682 [ INFO] trationDelegate$BeanPostProcessorChecker: Bean 'org.springframework.transaction.annotation.ProxyTransactionManagementConfiguration' of type [org.springframework.transaction.annotation.ProxyTransactionManagementConfiguration$$EnhancerBySpringCGLIB$$d1bba25b] is not eligible for getting processed by all BeanPostProcessors (for example: not eligible for auto-proxying)
23:43:24.912 [ INFO] s.b.c.e.t.TomcatEmbeddedServletContainer: Tomcat initialized with port(s): 9010 (http)
23:43:25.032 [ INFO] o.a.coyote.http11.Http11NioProtocol     : Initializing ProtocolHandler ["http-nio-9010"]
23:43:25.082 [ INFO] o.apache.catalina.core.StandardService  : Starting service [Tomcat]
23:43:25.082 [ INFO] org.apache.catalina.core.StandardEngine : Starting Servlet Engine: Apache Tomcat/8.5.31
23:43:25.862 [ INFO] o.a.c.c.C.[Tomcat].[localhost].[/sell]  : Initializing Spring embedded WebApplicationContext
23:43:25.862 [ INFO] o.s.web.context.ContextLoader           : Root WebApplicationContext: initialization completed in 12973 ms
23:43:26.572 [ INFO] o.s.b.w.servlet.ServletRegistrationBean : Mapping servlet: 'dispatcherServlet' to [/]
23:43:26.592 [ INFO] o.s.b.w.servlet.FilterRegistrationBean  : Mapping filter: 'characterEncodingFilter' to: [/*]
23:43:26.592 [ INFO] o.s.b.w.servlet.FilterRegistrationBean  : Mapping filter: 'hiddenHttpMethodFilter' to: [/*]
23:43:26.592 [ INFO] o.s.b.w.servlet.FilterRegistrationBean  : Mapping filter: 'httpPutFormContentFilter' to: [/*]
23:43:26.592 [ INFO] o.s.b.w.servlet.FilterRegistrationBean  : Mapping filter: 'requestContextFilter' to: [/*]
23:43:30.442 [ WARN] o.s.b.a.orm.jpa.DatabaseLookup          : Unable to determine jdbc url from datasource
org.springframework.jdbc.support.MetaDataAccessException: Could not get Connection for extracting meta data; nested exception is org.springframework.jdbc.CannotGetJdbcConnectionException: Could not get JDBC Connection; nested exception is java.sql.SQLException: Access denied for user 'root'@'localhost' (using password: YES)
	at org.springframework.jdbc.support.JdbcUtils.extractDatabaseMetaData(JdbcUtils.java:338)
	at org.springframework.jdbc.support.JdbcUtils.extractDatabaseMetaData(JdbcUtils.java:365)
	at org.springframework.boot.autoconfigure.orm.jpa.DatabaseLookup.getDatabase(DatabaseLookup.java:72)
	at org.springframework.boot.autoconfigure.orm.jpa.JpaProperties.determineDatabase(JpaProperties.java:139)
	at org.springframework.boot.autoconfigure.orm.jpa.JpaBaseConfiguration.jpaVendorAdapter(JpaBaseConfiguration.java:105)
	at org.springframework.boot.autoconfigure.orm.jpa.HibernateJpaAutoConfiguration$$EnhancerBySpringCGLIB$$3b42067b.CGLIB$jpaVendorAdapter$5(<generated>)
	at org.springframework.boot.autoconfigure.orm.jpa.HibernateJpaAutoConfiguration$$EnhancerBySpringCGLIB$$3b42067b$$FastClassBySpringCGLIB$$5030c99c.invoke(<generated>)
	at org.springframework.cglib.proxy.MethodProxy.invokeSuper(MethodProxy.java:228)
	at org.springframework.context.annotation.ConfigurationClassEnhancer$BeanMethodInterceptor.intercept(ConfigurationClassEnhancer.java:358)
	at org.springframework.boot.autoconfigure.orm.jpa.HibernateJpaAutoConfiguration$$EnhancerBySpringCGLIB$$3b42067b.jpaVendorAdapter(<generated>)
	at sun.reflect.NativeMethodAccessorImpl.invoke0(Native Method)
	at sun.reflect.NativeMethodAccessorImpl.invoke(NativeMethodAccessorImpl.java:62)
	at sun.reflect.DelegatingMethodAccessorImpl.invoke(DelegatingMethodAccessorImpl.java:43)
	at java.lang.reflect.Method.invoke(Method.java:498)
	at org.springframework.beans.factory.support.SimpleInstantiationStrategy.instantiate(SimpleInstantiationStrategy.java:162)
	at org.springframework.beans.factory.support.ConstructorResolver.instantiateUsingFactoryMethod(ConstructorResolver.java:588)
	at org.springframework.beans.factory.support.AbstractAutowireCapableBeanFactory.instantiateUsingFactoryMethod(AbstractAutowireCapableBeanFactory.java:1181)
	at org.springframework.beans.factory.support.AbstractAutowireCapableBeanFactory.createBeanInstance(AbstractAutowireCapableBeanFactory.java:1075)
	at org.springframework.beans.factory.support.AbstractAutowireCapableBeanFactory.doCreateBean(AbstractAutowireCapableBeanFactory.java:513)
	at org.springframework.beans.factory.support.AbstractAutowireCapableBeanFactory.createBean(AbstractAutowireCapableBeanFactory.java:483)
	at org.springframework.beans.factory.support.AbstractBeanFactory$1.getObject(AbstractBeanFactory.java:312)
	at org.springframework.beans.factory.support.DefaultSingletonBeanRegistry.getSingleton(DefaultSingletonBeanRegistry.java:230)
	at org.springframework.beans.factory.support.AbstractBeanFactory.doGetBean(AbstractBeanFactory.java:308)
	at org.springframework.beans.factory.support.AbstractBeanFactory.getBean(AbstractBeanFactory.java:202)
	at org.springframework.beans.factory.config.DependencyDescriptor.resolveCandidate(DependencyDescriptor.java:208)
	at org.springframework.beans.factory.support.DefaultListableBeanFactory.doResolveDependency(DefaultListableBeanFactory.java:1138)
	at org.springframework.beans.factory.support.DefaultListableBeanFactory.resolveDependency(DefaultListableBeanFactory.java:1066)
	at org.springframework.beans.factory.support.ConstructorResolver.resolveAutowiredArgument(ConstructorResolver.java:835)
	at org.springframework.beans.factory.support.ConstructorResolver.createArgumentArray(ConstructorResolver.java:741)
	at org.springframework.beans.factory.support.ConstructorResolver.instantiateUsingFactoryMethod(ConstructorResolver.java:467)
	at org.springframework.beans.factory.support.AbstractAutowireCapableBeanFactory.instantiateUsingFactoryMethod(AbstractAutowireCapableBeanFactory.java:1181)
	at org.springframework.beans.factory.support.AbstractAutowireCapableBeanFactory.createBeanInstance(AbstractAutowireCapableBeanFactory.java:1075)
	at org.springframework.beans.factory.support.AbstractAutowireCapableBeanFactory.doCreateBean(AbstractAutowireCapableBeanFactory.java:513)
	at org.springframework.beans.factory.support.AbstractAutowireCapableBeanFactory.createBean(AbstractAutowireCapableBeanFactory.java:483)
	at org.springframework.beans.factory.support.AbstractBeanFactory$1.getObject(AbstractBeanFactory.java:312)
	at org.springframework.beans.factory.support.DefaultSingletonBeanRegistry.getSingleton(DefaultSingletonBeanRegistry.java:230)
	at org.springframework.beans.factory.support.AbstractBeanFactory.doGetBean(AbstractBeanFactory.java:308)
	at org.springframework.beans.factory.support.AbstractBeanFactory.getBean(AbstractBeanFactory.java:202)
	at org.springframework.beans.factory.config.DependencyDescriptor.resolveCandidate(DependencyDescriptor.java:208)
	at org.springframework.beans.factory.support.DefaultListableBeanFactory.doResolveDependency(DefaultListableBeanFactory.java:1138)
	at org.springframework.beans.factory.support.DefaultListableBeanFactory.resolveDependency(DefaultListableBeanFactory.java:1066)
	at org.springframework.beans.factory.support.ConstructorResolver.resolveAutowiredArgument(ConstructorResolver.java:835)
	at org.springframework.beans.factory.support.ConstructorResolver.createArgumentArray(ConstructorResolver.java:741)
	at org.springframework.beans.factory.support.ConstructorResolver.instantiateUsingFactoryMethod(ConstructorResolver.java:467)
	at org.springframework.beans.factory.support.AbstractAutowireCapableBeanFactory.instantiateUsingFactoryMethod(AbstractAutowireCapableBeanFactory.java:1181)
	at org.springframework.beans.factory.support.AbstractAutowireCapableBeanFactory.createBeanInstance(AbstractAutowireCapableBeanFactory.java:1075)
	at org.springframework.beans.factory.support.AbstractAutowireCapableBeanFactory.doCreateBean(AbstractAutowireCapableBeanFactory.java:513)
	at org.springframework.beans.factory.support.AbstractAutowireCapableBeanFactory.createBean(AbstractAutowireCapableBeanFactory.java:483)
	at org.springframework.beans.factory.support.AbstractBeanFactory$1.getObject(AbstractBeanFactory.java:312)
	at org.springframework.beans.factory.support.DefaultSingletonBeanRegistry.getSingleton(DefaultSingletonBeanRegistry.java:230)
	at org.springframework.beans.factory.support.AbstractBeanFactory.doGetBean(AbstractBeanFactory.java:308)
	at org.springframework.beans.factory.support.AbstractBeanFactory.getBean(AbstractBeanFactory.java:197)
	at org.springframework.context.support.AbstractApplicationContext.getBean(AbstractApplicationContext.java:1080)
	at org.springframework.context.support.AbstractApplicationContext.finishBeanFactoryInitialization(AbstractApplicationContext.java:857)
	at org.springframework.context.support.AbstractApplicationContext.refresh(AbstractApplicationContext.java:543)
	at org.springframework.boot.context.embedded.EmbeddedWebApplicationContext.refresh(EmbeddedWebApplicationContext.java:122)
	at org.springframework.boot.SpringApplication.refresh(SpringApplication.java:693)
	at org.springframework.boot.SpringApplication.refreshContext(SpringApplication.java:360)
	at org.springframework.boot.SpringApplication.run(SpringApplication.java:303)
	at org.springframework.boot.SpringApplication.run(SpringApplication.java:1118)
	at org.springframework.boot.SpringApplication.run(SpringApplication.java:1107)
	at com.zhenxin.sell.SellApplication.main(SellApplication.java:12)
Caused by: org.springframework.jdbc.CannotGetJdbcConnectionException: Could not get JDBC Connection; nested exception is java.sql.SQLException: Access denied for user 'root'@'localhost' (using password: YES)
	at org.springframework.jdbc.datasource.DataSourceUtils.getConnection(DataSourceUtils.java:80)
	at org.springframework.jdbc.support.JdbcUtils.extractDatabaseMetaData(JdbcUtils.java:325)
	... 61 common frames omitted
Caused by: java.sql.SQLException: Access denied for user 'root'@'localhost' (using password: YES)
	at com.mysql.jdbc.SQLError.createSQLException(SQLError.java:965)
	at com.mysql.jdbc.MysqlIO.checkErrorPacket(MysqlIO.java:3976)
	at com.mysql.jdbc.MysqlIO.checkErrorPacket(MysqlIO.java:3912)
	at com.mysql.jdbc.MysqlIO.checkErrorPacket(MysqlIO.java:871)
	at com.mysql.jdbc.MysqlIO.proceedHandshakeWithPluggableAuthentication(MysqlIO.java:1714)
	at com.mysql.jdbc.MysqlIO.doHandshake(MysqlIO.java:1224)
	at com.mysql.jdbc.ConnectionImpl.coreConnect(ConnectionImpl.java:2190)
	at com.mysql.jdbc.ConnectionImpl.connectOneTryOnly(ConnectionImpl.java:2221)
	at com.mysql.jdbc.ConnectionImpl.createNewIO(ConnectionImpl.java:2016)
	at com.mysql.jdbc.ConnectionImpl.<init>(ConnectionImpl.java:776)
	at com.mysql.jdbc.JDBC4Connection.<init>(JDBC4Connection.java:47)
	at sun.reflect.NativeConstructorAccessorImpl.newInstance0(Native Method)
	at sun.reflect.NativeConstructorAccessorImpl.newInstance(NativeConstructorAccessorImpl.java:62)
	at sun.reflect.DelegatingConstructorAccessorImpl.newInstance(DelegatingConstructorAccessorImpl.java:45)
	at java.lang.reflect.Constructor.newInstance(Constructor.java:423)
	at com.mysql.jdbc.Util.handleNewInstance(Util.java:425)
	at com.mysql.jdbc.ConnectionImpl.getInstance(ConnectionImpl.java:386)
	at com.mysql.jdbc.NonRegisteringDriver.connect(NonRegisteringDriver.java:330)
	at org.apache.tomcat.jdbc.pool.PooledConnection.connectUsingDriver(PooledConnection.java:319)
	at org.apache.tomcat.jdbc.pool.PooledConnection.connect(PooledConnection.java:212)
	at org.apache.tomcat.jdbc.pool.ConnectionPool.createConnection(ConnectionPool.java:736)
	at org.apache.tomcat.jdbc.pool.ConnectionPool.borrowConnection(ConnectionPool.java:668)
	at org.apache.tomcat.jdbc.pool.ConnectionPool.init(ConnectionPool.java:483)
	at org.apache.tomcat.jdbc.pool.ConnectionPool.<init>(ConnectionPool.java:154)
	at org.apache.tomcat.jdbc.pool.DataSourceProxy.pCreatePool(DataSourceProxy.java:118)
	at org.apache.tomcat.jdbc.pool.DataSourceProxy.createPool(DataSourceProxy.java:107)
	at org.apache.tomcat.jdbc.pool.DataSourceProxy.getConnection(DataSourceProxy.java:131)
	at org.springframework.jdbc.datasource.DataSourceUtils.doGetConnection(DataSourceUtils.java:111)
	at org.springframework.jdbc.datasource.DataSourceUtils.getConnection(DataSourceUtils.java:77)
	... 62 common frames omitted
23:43:31.142 [ INFO] j.LocalContainerEntityManagerFactoryBean: Building JPA container EntityManagerFactory for persistence unit 'default'
23:43:31.212 [ INFO] o.hibernate.jpa.internal.util.LogHelper : HHH000204: Processing PersistenceUnitInfo [
	name: default
	...]
23:43:31.722 [ INFO] org.hibernate.Version                   : HHH000412: Hibernate Core {5.0.12.Final}
23:43:31.722 [ INFO] org.hibernate.cfg.Environment           : HHH000206: hibernate.properties not found
23:43:31.722 [ INFO] org.hibernate.cfg.Environment           : HHH000021: Bytecode provider name : javassist
23:43:31.892 [ INFO] o.hibernate.annotations.common.Version  : HCANN000001: Hibernate Commons Annotations {5.0.1.Final}
23:43:32.922 [ WARN] o.h.e.j.e.i.JdbcEnvironmentInitiator    : HHH000342: Could not obtain connection to query metadata : Access denied for user 'root'@'localhost' (using password: YES)
23:43:32.942 [ WARN] ationConfigEmbeddedWebApplicationContext: Exception encountered during context initialization - cancelling refresh attempt: org.springframework.beans.factory.BeanCreationException: Error creating bean with name 'entityManagerFactory' defined in class path resource [org/springframework/boot/autoconfigure/orm/jpa/HibernateJpaAutoConfiguration.class]: Invocation of init method failed; nested exception is org.hibernate.service.spi.ServiceException: Unable to create requested service [org.hibernate.engine.jdbc.env.spi.JdbcEnvironment]
23:43:32.952 [ INFO] o.apache.catalina.core.StandardService  : Stopping service [Tomcat]
23:43:33.022 [ INFO] utoConfigurationReportLoggingInitializer: 

Error starting ApplicationContext. To display the auto-configuration report re-run your application with 'debug' enabled.
23:44:03.546 [ INFO] com.zhenxin.sell.SellApplication        : Starting SellApplication on ZHENXIN-PC with PID 72 (D:\MyProject\springBootWeChatFood\sell\target\classes started by zhenxin in D:\MyProject\springBootWeChatFood\sell)
23:44:03.566 [ INFO] com.zhenxin.sell.SellApplication        : No active profile set, falling back to default profiles: default
23:44:03.876 [ INFO] ationConfigEmbeddedWebApplicationContext: Refreshing org.springframework.boot.context.embedded.AnnotationConfigEmbeddedWebApplicationContext@765d7657: startup date [Mon Jun 25 23:44:03 CST 2018]; root of context hierarchy
23:44:04.526 [ INFO] o.h.validator.internal.util.Version     : HV000001: Hibernate Validator 5.3.6.Final
23:44:06.726 [ INFO] .s.d.r.c.RepositoryConfigurationDelegate: Multiple Spring Data modules found, entering strict repository configuration mode!
23:44:07.336 [ INFO] .s.d.r.c.RepositoryConfigurationDelegate: Multiple Spring Data modules found, entering strict repository configuration mode!
23:44:07.536 [ INFO] .RepositoryConfigurationExtensionSupport: Spring Data Redis - Could not safely identify store assignment for repository candidate interface com.zhenxin.sell.repository.OrderMasterRepository.
23:44:07.536 [ INFO] .RepositoryConfigurationExtensionSupport: Spring Data Redis - Could not safely identify store assignment for repository candidate interface com.zhenxin.sell.repository.OrderDetailRepository.
23:44:07.536 [ INFO] .RepositoryConfigurationExtensionSupport: Spring Data Redis - Could not safely identify store assignment for repository candidate interface com.zhenxin.sell.repository.ProductInfoRepository.
23:44:07.536 [ INFO] .RepositoryConfigurationExtensionSupport: Spring Data Redis - Could not safely identify store assignment for repository candidate interface com.zhenxin.sell.repository.SellerInfoRepository.
23:44:07.536 [ INFO] .RepositoryConfigurationExtensionSupport: Spring Data Redis - Could not safely identify store assignment for repository candidate interface com.zhenxin.sell.repository.ProductCategoryRepository.
23:44:09.176 [ INFO] trationDelegate$BeanPostProcessorChecker: Bean 'org.springframework.transaction.annotation.ProxyTransactionManagementConfiguration' of type [org.springframework.transaction.annotation.ProxyTransactionManagementConfiguration$$EnhancerBySpringCGLIB$$2dd332e7] is not eligible for getting processed by all BeanPostProcessors (for example: not eligible for auto-proxying)
23:44:10.546 [ INFO] s.b.c.e.t.TomcatEmbeddedServletContainer: Tomcat initialized with port(s): 9010 (http)
23:44:10.586 [ INFO] o.a.coyote.http11.Http11NioProtocol     : Initializing ProtocolHandler ["http-nio-9010"]
23:44:10.626 [ INFO] o.apache.catalina.core.StandardService  : Starting service [Tomcat]
23:44:10.626 [ INFO] org.apache.catalina.core.StandardEngine : Starting Servlet Engine: Apache Tomcat/8.5.31
23:44:11.196 [ INFO] o.a.c.c.C.[Tomcat].[localhost].[/sell]  : Initializing Spring embedded WebApplicationContext
23:44:11.196 [ INFO] o.s.web.context.ContextLoader           : Root WebApplicationContext: initialization completed in 7320 ms
23:44:11.936 [ INFO] o.s.b.w.servlet.ServletRegistrationBean : Mapping servlet: 'dispatcherServlet' to [/]
23:44:11.956 [ INFO] o.s.b.w.servlet.FilterRegistrationBean  : Mapping filter: 'characterEncodingFilter' to: [/*]
23:44:11.956 [ INFO] o.s.b.w.servlet.FilterRegistrationBean  : Mapping filter: 'hiddenHttpMethodFilter' to: [/*]
23:44:11.956 [ INFO] o.s.b.w.servlet.FilterRegistrationBean  : Mapping filter: 'httpPutFormContentFilter' to: [/*]
23:44:11.956 [ INFO] o.s.b.w.servlet.FilterRegistrationBean  : Mapping filter: 'requestContextFilter' to: [/*]
23:44:13.406 [ WARN] o.s.b.a.orm.jpa.DatabaseLookup          : Unable to determine jdbc url from datasource
org.springframework.jdbc.support.MetaDataAccessException: Could not get Connection for extracting meta data; nested exception is org.springframework.jdbc.CannotGetJdbcConnectionException: Could not get JDBC Connection; nested exception is java.sql.SQLException: Access denied for user 'root'@'localhost' (using password: YES)
	at org.springframework.jdbc.support.JdbcUtils.extractDatabaseMetaData(JdbcUtils.java:338)
	at org.springframework.jdbc.support.JdbcUtils.extractDatabaseMetaData(JdbcUtils.java:365)
	at org.springframework.boot.autoconfigure.orm.jpa.DatabaseLookup.getDatabase(DatabaseLookup.java:72)
	at org.springframework.boot.autoconfigure.orm.jpa.JpaProperties.determineDatabase(JpaProperties.java:139)
	at org.springframework.boot.autoconfigure.orm.jpa.JpaBaseConfiguration.jpaVendorAdapter(JpaBaseConfiguration.java:105)
	at org.springframework.boot.autoconfigure.orm.jpa.HibernateJpaAutoConfiguration$$EnhancerBySpringCGLIB$$97599707.CGLIB$jpaVendorAdapter$3(<generated>)
	at org.springframework.boot.autoconfigure.orm.jpa.HibernateJpaAutoConfiguration$$EnhancerBySpringCGLIB$$97599707$$FastClassBySpringCGLIB$$dee77a25.invoke(<generated>)
	at org.springframework.cglib.proxy.MethodProxy.invokeSuper(MethodProxy.java:228)
	at org.springframework.context.annotation.ConfigurationClassEnhancer$BeanMethodInterceptor.intercept(ConfigurationClassEnhancer.java:358)
	at org.springframework.boot.autoconfigure.orm.jpa.HibernateJpaAutoConfiguration$$EnhancerBySpringCGLIB$$97599707.jpaVendorAdapter(<generated>)
	at sun.reflect.NativeMethodAccessorImpl.invoke0(Native Method)
	at sun.reflect.NativeMethodAccessorImpl.invoke(NativeMethodAccessorImpl.java:62)
	at sun.reflect.DelegatingMethodAccessorImpl.invoke(DelegatingMethodAccessorImpl.java:43)
	at java.lang.reflect.Method.invoke(Method.java:498)
	at org.springframework.beans.factory.support.SimpleInstantiationStrategy.instantiate(SimpleInstantiationStrategy.java:162)
	at org.springframework.beans.factory.support.ConstructorResolver.instantiateUsingFactoryMethod(ConstructorResolver.java:588)
	at org.springframework.beans.factory.support.AbstractAutowireCapableBeanFactory.instantiateUsingFactoryMethod(AbstractAutowireCapableBeanFactory.java:1181)
	at org.springframework.beans.factory.support.AbstractAutowireCapableBeanFactory.createBeanInstance(AbstractAutowireCapableBeanFactory.java:1075)
	at org.springframework.beans.factory.support.AbstractAutowireCapableBeanFactory.doCreateBean(AbstractAutowireCapableBeanFactory.java:513)
	at org.springframework.beans.factory.support.AbstractAutowireCapableBeanFactory.createBean(AbstractAutowireCapableBeanFactory.java:483)
	at org.springframework.beans.factory.support.AbstractBeanFactory$1.getObject(AbstractBeanFactory.java:312)
	at org.springframework.beans.factory.support.DefaultSingletonBeanRegistry.getSingleton(DefaultSingletonBeanRegistry.java:230)
	at org.springframework.beans.factory.support.AbstractBeanFactory.doGetBean(AbstractBeanFactory.java:308)
	at org.springframework.beans.factory.support.AbstractBeanFactory.getBean(AbstractBeanFactory.java:202)
	at org.springframework.beans.factory.config.DependencyDescriptor.resolveCandidate(DependencyDescriptor.java:208)
	at org.springframework.beans.factory.support.DefaultListableBeanFactory.doResolveDependency(DefaultListableBeanFactory.java:1138)
	at org.springframework.beans.factory.support.DefaultListableBeanFactory.resolveDependency(DefaultListableBeanFactory.java:1066)
	at org.springframework.beans.factory.support.ConstructorResolver.resolveAutowiredArgument(ConstructorResolver.java:835)
	at org.springframework.beans.factory.support.ConstructorResolver.createArgumentArray(ConstructorResolver.java:741)
	at org.springframework.beans.factory.support.ConstructorResolver.instantiateUsingFactoryMethod(ConstructorResolver.java:467)
	at org.springframework.beans.factory.support.AbstractAutowireCapableBeanFactory.instantiateUsingFactoryMethod(AbstractAutowireCapableBeanFactory.java:1181)
	at org.springframework.beans.factory.support.AbstractAutowireCapableBeanFactory.createBeanInstance(AbstractAutowireCapableBeanFactory.java:1075)
	at org.springframework.beans.factory.support.AbstractAutowireCapableBeanFactory.doCreateBean(AbstractAutowireCapableBeanFactory.java:513)
	at org.springframework.beans.factory.support.AbstractAutowireCapableBeanFactory.createBean(AbstractAutowireCapableBeanFactory.java:483)
	at org.springframework.beans.factory.support.AbstractBeanFactory$1.getObject(AbstractBeanFactory.java:312)
	at org.springframework.beans.factory.support.DefaultSingletonBeanRegistry.getSingleton(DefaultSingletonBeanRegistry.java:230)
	at org.springframework.beans.factory.support.AbstractBeanFactory.doGetBean(AbstractBeanFactory.java:308)
	at org.springframework.beans.factory.support.AbstractBeanFactory.getBean(AbstractBeanFactory.java:202)
	at org.springframework.beans.factory.config.DependencyDescriptor.resolveCandidate(DependencyDescriptor.java:208)
	at org.springframework.beans.factory.support.DefaultListableBeanFactory.doResolveDependency(DefaultListableBeanFactory.java:1138)
	at org.springframework.beans.factory.support.DefaultListableBeanFactory.resolveDependency(DefaultListableBeanFactory.java:1066)
	at org.springframework.beans.factory.support.ConstructorResolver.resolveAutowiredArgument(ConstructorResolver.java:835)
	at org.springframework.beans.factory.support.ConstructorResolver.createArgumentArray(ConstructorResolver.java:741)
	at org.springframework.beans.factory.support.ConstructorResolver.instantiateUsingFactoryMethod(ConstructorResolver.java:467)
	at org.springframework.beans.factory.support.AbstractAutowireCapableBeanFactory.instantiateUsingFactoryMethod(AbstractAutowireCapableBeanFactory.java:1181)
	at org.springframework.beans.factory.support.AbstractAutowireCapableBeanFactory.createBeanInstance(AbstractAutowireCapableBeanFactory.java:1075)
	at org.springframework.beans.factory.support.AbstractAutowireCapableBeanFactory.doCreateBean(AbstractAutowireCapableBeanFactory.java:513)
	at org.springframework.beans.factory.support.AbstractAutowireCapableBeanFactory.createBean(AbstractAutowireCapableBeanFactory.java:483)
	at org.springframework.beans.factory.support.AbstractBeanFactory$1.getObject(AbstractBeanFactory.java:312)
	at org.springframework.beans.factory.support.DefaultSingletonBeanRegistry.getSingleton(DefaultSingletonBeanRegistry.java:230)
	at org.springframework.beans.factory.support.AbstractBeanFactory.doGetBean(AbstractBeanFactory.java:308)
	at org.springframework.beans.factory.support.AbstractBeanFactory.getBean(AbstractBeanFactory.java:197)
	at org.springframework.context.support.AbstractApplicationContext.getBean(AbstractApplicationContext.java:1080)
	at org.springframework.context.support.AbstractApplicationContext.finishBeanFactoryInitialization(AbstractApplicationContext.java:857)
	at org.springframework.context.support.AbstractApplicationContext.refresh(AbstractApplicationContext.java:543)
	at org.springframework.boot.context.embedded.EmbeddedWebApplicationContext.refresh(EmbeddedWebApplicationContext.java:122)
	at org.springframework.boot.SpringApplication.refresh(SpringApplication.java:693)
	at org.springframework.boot.SpringApplication.refreshContext(SpringApplication.java:360)
	at org.springframework.boot.SpringApplication.run(SpringApplication.java:303)
	at org.springframework.boot.SpringApplication.run(SpringApplication.java:1118)
	at org.springframework.boot.SpringApplication.run(SpringApplication.java:1107)
	at com.zhenxin.sell.SellApplication.main(SellApplication.java:12)
Caused by: org.springframework.jdbc.CannotGetJdbcConnectionException: Could not get JDBC Connection; nested exception is java.sql.SQLException: Access denied for user 'root'@'localhost' (using password: YES)
	at org.springframework.jdbc.datasource.DataSourceUtils.getConnection(DataSourceUtils.java:80)
	at org.springframework.jdbc.support.JdbcUtils.extractDatabaseMetaData(JdbcUtils.java:325)
	... 61 common frames omitted
Caused by: java.sql.SQLException: Access denied for user 'root'@'localhost' (using password: YES)
	at com.mysql.jdbc.SQLError.createSQLException(SQLError.java:965)
	at com.mysql.jdbc.MysqlIO.checkErrorPacket(MysqlIO.java:3976)
	at com.mysql.jdbc.MysqlIO.checkErrorPacket(MysqlIO.java:3912)
	at com.mysql.jdbc.MysqlIO.checkErrorPacket(MysqlIO.java:871)
	at com.mysql.jdbc.MysqlIO.proceedHandshakeWithPluggableAuthentication(MysqlIO.java:1714)
	at com.mysql.jdbc.MysqlIO.doHandshake(MysqlIO.java:1224)
	at com.mysql.jdbc.ConnectionImpl.coreConnect(ConnectionImpl.java:2190)
	at com.mysql.jdbc.ConnectionImpl.connectOneTryOnly(ConnectionImpl.java:2221)
	at com.mysql.jdbc.ConnectionImpl.createNewIO(ConnectionImpl.java:2016)
	at com.mysql.jdbc.ConnectionImpl.<init>(ConnectionImpl.java:776)
	at com.mysql.jdbc.JDBC4Connection.<init>(JDBC4Connection.java:47)
	at sun.reflect.NativeConstructorAccessorImpl.newInstance0(Native Method)
	at sun.reflect.NativeConstructorAccessorImpl.newInstance(NativeConstructorAccessorImpl.java:62)
	at sun.reflect.DelegatingConstructorAccessorImpl.newInstance(DelegatingConstructorAccessorImpl.java:45)
	at java.lang.reflect.Constructor.newInstance(Constructor.java:423)
	at com.mysql.jdbc.Util.handleNewInstance(Util.java:425)
	at com.mysql.jdbc.ConnectionImpl.getInstance(ConnectionImpl.java:386)
	at com.mysql.jdbc.NonRegisteringDriver.connect(NonRegisteringDriver.java:330)
	at org.apache.tomcat.jdbc.pool.PooledConnection.connectUsingDriver(PooledConnection.java:319)
	at org.apache.tomcat.jdbc.pool.PooledConnection.connect(PooledConnection.java:212)
	at org.apache.tomcat.jdbc.pool.ConnectionPool.createConnection(ConnectionPool.java:736)
	at org.apache.tomcat.jdbc.pool.ConnectionPool.borrowConnection(ConnectionPool.java:668)
	at org.apache.tomcat.jdbc.pool.ConnectionPool.init(ConnectionPool.java:483)
	at org.apache.tomcat.jdbc.pool.ConnectionPool.<init>(ConnectionPool.java:154)
	at org.apache.tomcat.jdbc.pool.DataSourceProxy.pCreatePool(DataSourceProxy.java:118)
	at org.apache.tomcat.jdbc.pool.DataSourceProxy.createPool(DataSourceProxy.java:107)
	at org.apache.tomcat.jdbc.pool.DataSourceProxy.getConnection(DataSourceProxy.java:131)
	at org.springframework.jdbc.datasource.DataSourceUtils.doGetConnection(DataSourceUtils.java:111)
	at org.springframework.jdbc.datasource.DataSourceUtils.getConnection(DataSourceUtils.java:77)
	... 62 common frames omitted
23:44:13.786 [ INFO] j.LocalContainerEntityManagerFactoryBean: Building JPA container EntityManagerFactory for persistence unit 'default'
23:44:13.876 [ INFO] o.hibernate.jpa.internal.util.LogHelper : HHH000204: Processing PersistenceUnitInfo [
	name: default
	...]
23:44:14.246 [ INFO] org.hibernate.Version                   : HHH000412: Hibernate Core {5.0.12.Final}
23:44:14.246 [ INFO] org.hibernate.cfg.Environment           : HHH000206: hibernate.properties not found
23:44:14.256 [ INFO] org.hibernate.cfg.Environment           : HHH000021: Bytecode provider name : javassist
23:44:14.416 [ INFO] o.hibernate.annotations.common.Version  : HCANN000001: Hibernate Commons Annotations {5.0.1.Final}
23:44:14.886 [ WARN] o.h.e.j.e.i.JdbcEnvironmentInitiator    : HHH000342: Could not obtain connection to query metadata : Access denied for user 'root'@'localhost' (using password: YES)
23:44:14.906 [ WARN] ationConfigEmbeddedWebApplicationContext: Exception encountered during context initialization - cancelling refresh attempt: org.springframework.beans.factory.BeanCreationException: Error creating bean with name 'entityManagerFactory' defined in class path resource [org/springframework/boot/autoconfigure/orm/jpa/HibernateJpaAutoConfiguration.class]: Invocation of init method failed; nested exception is org.hibernate.service.spi.ServiceException: Unable to create requested service [org.hibernate.engine.jdbc.env.spi.JdbcEnvironment]
23:44:14.916 [ INFO] o.apache.catalina.core.StandardService  : Stopping service [Tomcat]
23:44:14.956 [ INFO] utoConfigurationReportLoggingInitializer: 

Error starting ApplicationContext. To display the auto-configuration report re-run your application with 'debug' enabled.
23:49:10.744 [ INFO] com.zhenxin.sell.SellApplication        : Starting SellApplication on ZHENXIN-PC with PID 3624 (D:\MyProject\springBootWeChatFood\sell\target\classes started by zhenxin in D:\MyProject\springBootWeChatFood\sell)
23:49:10.754 [ INFO] com.zhenxin.sell.SellApplication        : No active profile set, falling back to default profiles: default
23:49:10.965 [ INFO] ationConfigEmbeddedWebApplicationContext: Refreshing org.springframework.boot.context.embedded.AnnotationConfigEmbeddedWebApplicationContext@765d7657: startup date [Mon Jun 25 23:49:10 CST 2018]; root of context hierarchy
23:49:11.734 [ INFO] o.h.validator.internal.util.Version     : HV000001: Hibernate Validator 5.3.6.Final
23:49:13.964 [ INFO] .s.d.r.c.RepositoryConfigurationDelegate: Multiple Spring Data modules found, entering strict repository configuration mode!
23:49:14.225 [ INFO] .s.d.r.c.RepositoryConfigurationDelegate: Multiple Spring Data modules found, entering strict repository configuration mode!
23:49:14.338 [ INFO] .RepositoryConfigurationExtensionSupport: Spring Data Redis - Could not safely identify store assignment for repository candidate interface com.zhenxin.sell.repository.OrderMasterRepository.
23:49:14.341 [ INFO] .RepositoryConfigurationExtensionSupport: Spring Data Redis - Could not safely identify store assignment for repository candidate interface com.zhenxin.sell.repository.OrderDetailRepository.
23:49:14.343 [ INFO] .RepositoryConfigurationExtensionSupport: Spring Data Redis - Could not safely identify store assignment for repository candidate interface com.zhenxin.sell.repository.ProductInfoRepository.
23:49:14.346 [ INFO] .RepositoryConfigurationExtensionSupport: Spring Data Redis - Could not safely identify store assignment for repository candidate interface com.zhenxin.sell.repository.SellerInfoRepository.
23:49:14.348 [ INFO] .RepositoryConfigurationExtensionSupport: Spring Data Redis - Could not safely identify store assignment for repository candidate interface com.zhenxin.sell.repository.ProductCategoryRepository.
23:49:15.659 [ INFO] trationDelegate$BeanPostProcessorChecker: Bean 'org.springframework.transaction.annotation.ProxyTransactionManagementConfiguration' of type [org.springframework.transaction.annotation.ProxyTransactionManagementConfiguration$$EnhancerBySpringCGLIB$$c9a4c224] is not eligible for getting processed by all BeanPostProcessors (for example: not eligible for auto-proxying)
23:49:16.918 [ INFO] s.b.c.e.t.TomcatEmbeddedServletContainer: Tomcat initialized with port(s): 9010 (http)
23:49:16.966 [ INFO] o.a.coyote.http11.Http11NioProtocol     : Initializing ProtocolHandler ["http-nio-9010"]
23:49:17.001 [ INFO] o.apache.catalina.core.StandardService  : Starting service [Tomcat]
23:49:17.002 [ INFO] org.apache.catalina.core.StandardEngine : Starting Servlet Engine: Apache Tomcat/8.5.31
23:49:17.573 [ INFO] o.a.c.c.C.[Tomcat].[localhost].[/sell]  : Initializing Spring embedded WebApplicationContext
23:49:17.574 [ INFO] o.s.web.context.ContextLoader           : Root WebApplicationContext: initialization completed in 6609 ms
23:49:18.279 [ INFO] o.s.b.w.servlet.ServletRegistrationBean : Mapping servlet: 'dispatcherServlet' to [/]
23:49:18.290 [ INFO] o.s.b.w.servlet.FilterRegistrationBean  : Mapping filter: 'characterEncodingFilter' to: [/*]
23:49:18.292 [ INFO] o.s.b.w.servlet.FilterRegistrationBean  : Mapping filter: 'hiddenHttpMethodFilter' to: [/*]
23:49:18.293 [ INFO] o.s.b.w.servlet.FilterRegistrationBean  : Mapping filter: 'httpPutFormContentFilter' to: [/*]
23:49:18.293 [ INFO] o.s.b.w.servlet.FilterRegistrationBean  : Mapping filter: 'requestContextFilter' to: [/*]
23:49:20.101 [ INFO] j.LocalContainerEntityManagerFactoryBean: Building JPA container EntityManagerFactory for persistence unit 'default'
23:49:20.142 [ INFO] o.hibernate.jpa.internal.util.LogHelper : HHH000204: Processing PersistenceUnitInfo [
	name: default
	...]
23:49:20.417 [ INFO] org.hibernate.Version                   : HHH000412: Hibernate Core {5.0.12.Final}
23:49:20.422 [ INFO] org.hibernate.cfg.Environment           : HHH000206: hibernate.properties not found
23:49:20.425 [ INFO] org.hibernate.cfg.Environment           : HHH000021: Bytecode provider name : javassist
23:49:20.565 [ INFO] o.hibernate.annotations.common.Version  : HCANN000001: Hibernate Commons Annotations {5.0.1.Final}
23:49:21.005 [ INFO] org.hibernate.dialect.Dialect           : HHH000400: Using dialect: org.hibernate.dialect.MySQL5Dialect
23:49:22.898 [ INFO] j.LocalContainerEntityManagerFactoryBean: Initialized JPA EntityManagerFactory for persistence unit 'default'
23:49:24.794 [ INFO] o.s.w.s.v.f.FreeMarkerConfigurer        : ClassTemplateLoader for Spring macros added to FreeMarker configuration
23:49:26.015 [ INFO] s.w.s.m.m.a.RequestMappingHandlerAdapter: Looking for @ControllerAdvice: org.springframework.boot.context.embedded.AnnotationConfigEmbeddedWebApplicationContext@765d7657: startup date [Mon Jun 25 23:49:10 CST 2018]; root of context hierarchy
23:49:26.262 [ INFO] s.w.s.m.m.a.RequestMappingHandlerMapping: Mapped "{[/buyer/order/create],methods=[POST]}" onto public com.zhenxin.sell.VO.ResultVO com.zhenxin.sell.controller.BuyerOrderController.create(com.zhenxin.sell.form.OrderForm,org.springframework.validation.BindingResult)
23:49:26.265 [ INFO] s.w.s.m.m.a.RequestMappingHandlerMapping: Mapped "{[/buyer/order/list],methods=[GET]}" onto public com.zhenxin.sell.VO.ResultVO com.zhenxin.sell.controller.BuyerOrderController.list(org.springframework.data.domain.Pageable,java.lang.String)
23:49:26.266 [ INFO] s.w.s.m.m.a.RequestMappingHandlerMapping: Mapped "{[/buyer/order/cancel],methods=[POST]}" onto public com.zhenxin.sell.VO.ResultVO com.zhenxin.sell.controller.BuyerOrderController.cancel(java.lang.String,java.lang.String)
23:49:26.267 [ INFO] s.w.s.m.m.a.RequestMappingHandlerMapping: Mapped "{[/buyer/order/detail],methods=[GET]}" onto public com.zhenxin.sell.VO.ResultVO com.zhenxin.sell.controller.BuyerOrderController.detail(java.lang.String,java.lang.String)
23:49:26.269 [ INFO] s.w.s.m.m.a.RequestMappingHandlerMapping: Mapped "{[/buyer/product/list],methods=[GET]}" onto public com.zhenxin.sell.VO.ResultVO com.zhenxin.sell.controller.BuyerProductController.list()
23:49:26.274 [ INFO] s.w.s.m.m.a.RequestMappingHandlerMapping: Mapped "{[/seller/category/index],methods=[GET]}" onto public java.lang.String com.zhenxin.sell.controller.SellerCategoryController.index(java.lang.Integer,org.springframework.ui.ModelMap)
23:49:26.275 [ INFO] s.w.s.m.m.a.RequestMappingHandlerMapping: Mapped "{[/seller/category/list],methods=[GET]}" onto public java.lang.String com.zhenxin.sell.controller.SellerCategoryController.list(org.springframework.ui.ModelMap)
23:49:26.276 [ INFO] s.w.s.m.m.a.RequestMappingHandlerMapping: Mapped "{[/seller/category/saveOrUpdate],methods=[POST]}" onto public java.lang.String com.zhenxin.sell.controller.SellerCategoryController.saveOrUpdate(com.zhenxin.sell.dataobject.ProductCategory,org.springframework.ui.ModelMap)
23:49:26.278 [ INFO] s.w.s.m.m.a.RequestMappingHandlerMapping: Mapped "{[/set],methods=[GET]}" onto public void com.zhenxin.sell.controller.SellerInfoController.dd(java.lang.String,java.lang.String)
23:49:26.283 [ INFO] s.w.s.m.m.a.RequestMappingHandlerMapping: Mapped "{[/seller/order/list],methods=[GET]}" onto public java.lang.String com.zhenxin.sell.controller.SellerOrderController.list(org.springframework.data.domain.Pageable,org.springframework.ui.ModelMap)
23:49:26.284 [ INFO] s.w.s.m.m.a.RequestMappingHandlerMapping: Mapped "{[/seller/order/cancel],methods=[GET]}" onto public java.lang.String com.zhenxin.sell.controller.SellerOrderController.cancel(java.lang.String,org.springframework.ui.ModelMap)
23:49:26.285 [ INFO] s.w.s.m.m.a.RequestMappingHandlerMapping: Mapped "{[/seller/order/detail],methods=[GET]}" onto public java.lang.String com.zhenxin.sell.controller.SellerOrderController.detail(java.lang.String,org.springframework.ui.ModelMap)
23:49:26.287 [ INFO] s.w.s.m.m.a.RequestMappingHandlerMapping: Mapped "{[/seller/order/finish],methods=[GET]}" onto public java.lang.String com.zhenxin.sell.controller.SellerOrderController.finish(java.lang.String,org.springframework.ui.ModelMap)
23:49:26.294 [ INFO] s.w.s.m.m.a.RequestMappingHandlerMapping: Mapped "{[/seller/product/index],methods=[GET]}" onto public java.lang.String com.zhenxin.sell.controller.SellerProductController.index(java.lang.String,org.springframework.ui.ModelMap)
23:49:26.296 [ INFO] s.w.s.m.m.a.RequestMappingHandlerMapping: Mapped "{[/seller/product/list],methods=[GET]}" onto public java.lang.String com.zhenxin.sell.controller.SellerProductController.findAll(org.springframework.data.domain.Pageable,org.springframework.ui.ModelMap)
23:49:26.297 [ INFO] s.w.s.m.m.a.RequestMappingHandlerMapping: Mapped "{[/seller/product/saveOrUpdate],methods=[POST]}" onto public java.lang.String com.zhenxin.sell.controller.SellerProductController.saveOrUpdate(com.zhenxin.sell.dataobject.ProductInfo,org.springframework.ui.ModelMap)
23:49:26.298 [ INFO] s.w.s.m.m.a.RequestMappingHandlerMapping: Mapped "{[/seller/product/offSale],methods=[GET]}" onto public java.lang.String com.zhenxin.sell.controller.SellerProductController.offSale(java.lang.String,org.springframework.ui.ModelMap)
23:49:26.299 [ INFO] s.w.s.m.m.a.RequestMappingHandlerMapping: Mapped "{[/seller/product/onSale],methods=[GET]}" onto public java.lang.String com.zhenxin.sell.controller.SellerProductController.onSale(java.lang.String,org.springframework.ui.ModelMap)
23:49:26.310 [ INFO] s.w.s.m.m.a.RequestMappingHandlerMapping: Mapped "{[/error]}" onto public org.springframework.http.ResponseEntity<java.util.Map<java.lang.String, java.lang.Object>> org.springframework.boot.autoconfigure.web.BasicErrorController.error(javax.servlet.http.HttpServletRequest)
23:49:26.311 [ INFO] s.w.s.m.m.a.RequestMappingHandlerMapping: Mapped "{[/error],produces=[text/html]}" onto public org.springframework.web.servlet.ModelAndView org.springframework.boot.autoconfigure.web.BasicErrorController.errorHtml(javax.servlet.http.HttpServletRequest,javax.servlet.http.HttpServletResponse)
23:49:26.420 [ INFO] o.s.w.s.handler.SimpleUrlHandlerMapping : Mapped URL path [/webjars/**] onto handler of type [class org.springframework.web.servlet.resource.ResourceHttpRequestHandler]
23:49:26.420 [ INFO] o.s.w.s.handler.SimpleUrlHandlerMapping : Mapped URL path [/**] onto handler of type [class org.springframework.web.servlet.resource.ResourceHttpRequestHandler]
23:49:26.609 [ INFO] o.s.w.s.handler.SimpleUrlHandlerMapping : Mapped URL path [/**/favicon.ico] onto handler of type [class org.springframework.web.servlet.resource.ResourceHttpRequestHandler]
23:49:28.156 [ INFO] o.s.j.e.a.AnnotationMBeanExporter       : Registering beans for JMX exposure on startup
23:49:28.213 [ INFO] o.a.coyote.http11.Http11NioProtocol     : Starting ProtocolHandler ["http-nio-9010"]
23:49:28.256 [ INFO] o.a.tomcat.util.net.NioSelectorPool     : Using a shared selector for servlet write/read
23:49:28.304 [ INFO] s.b.c.e.t.TomcatEmbeddedServletContainer: Tomcat started on port(s): 9010 (http)
23:49:28.324 [ INFO] com.zhenxin.sell.SellApplication        : Started SellApplication in 19.935 seconds (JVM running for 23.777)
23:50:30.549 [ INFO] o.a.c.c.C.[Tomcat].[localhost].[/sell]  : Initializing Spring FrameworkServlet 'dispatcherServlet'
23:50:30.550 [ INFO] o.s.web.servlet.DispatcherServlet       : FrameworkServlet 'dispatcherServlet': initialization started
23:50:30.734 [ INFO] o.s.web.servlet.DispatcherServlet       : FrameworkServlet 'dispatcherServlet': initialization completed in 178 ms
