15:09:04.765 [ INFO] com.zhenxin.sell.SellApplication        : Starting SellApplication on CN6CR552179X with PID 15312 (C:\Users\xzhen\Desktop\project\sell\target\classes started by xzhen in C:\Users\xzhen\Desktop\project\sell)
15:09:04.791 [ INFO] com.zhenxin.sell.SellApplication        : No active profile set, falling back to default profiles: default
15:09:04.847 [ INFO] ationConfigEmbeddedWebApplicationContext: Refreshing org.springframework.boot.context.embedded.AnnotationConfigEmbeddedWebApplicationContext@1283bb96: startup date [Fri Jun 15 15:09:04 CST 2018]; root of context hierarchy
15:09:05.016 [ INFO] o.h.validator.internal.util.Version     : HV000001: Hibernate Validator 5.3.6.Final
15:09:07.576 [ INFO] trationDelegate$BeanPostProcessorChecker: Bean 'org.springframework.transaction.annotation.ProxyTransactionManagementConfiguration' of type [org.springframework.transaction.annotation.ProxyTransactionManagementConfiguration$$EnhancerBySpringCGLIB$$73f465a2] is not eligible for getting processed by all BeanPostProcessors (for example: not eligible for auto-proxying)
15:09:07.933 [ INFO] s.b.c.e.t.TomcatEmbeddedServletContainer: Tomcat initialized with port(s): 9010 (http)
15:09:07.947 [ INFO] o.a.coyote.http11.Http11NioProtocol     : Initializing ProtocolHandler ["http-nio-9010"]
15:09:07.956 [ INFO] o.apache.catalina.core.StandardService  : Starting service [Tomcat]
15:09:07.957 [ INFO] org.apache.catalina.core.StandardEngine : Starting Servlet Engine: Apache Tomcat/8.5.31
15:09:08.137 [ INFO] o.a.c.c.C.[Tomcat].[localhost].[/sell]  : Initializing Spring embedded WebApplicationContext
15:09:08.137 [ INFO] o.s.web.context.ContextLoader           : Root WebApplicationContext: initialization completed in 3290 ms
15:09:08.330 [ INFO] o.s.b.w.servlet.ServletRegistrationBean : Mapping servlet: 'dispatcherServlet' to [/]
15:09:08.334 [ INFO] o.s.b.w.servlet.FilterRegistrationBean  : Mapping filter: 'characterEncodingFilter' to: [/*]
15:09:08.334 [ INFO] o.s.b.w.servlet.FilterRegistrationBean  : Mapping filter: 'hiddenHttpMethodFilter' to: [/*]
15:09:08.334 [ INFO] o.s.b.w.servlet.FilterRegistrationBean  : Mapping filter: 'httpPutFormContentFilter' to: [/*]
15:09:08.334 [ INFO] o.s.b.w.servlet.FilterRegistrationBean  : Mapping filter: 'requestContextFilter' to: [/*]
15:09:08.908 [ INFO] j.LocalContainerEntityManagerFactoryBean: Building JPA container EntityManagerFactory for persistence unit 'default'
15:09:08.932 [ INFO] o.hibernate.jpa.internal.util.LogHelper : HHH000204: Processing PersistenceUnitInfo [
	name: default
	...]
15:09:09.056 [ INFO] org.hibernate.Version                   : HHH000412: Hibernate Core {5.0.12.Final}
15:09:09.057 [ INFO] org.hibernate.cfg.Environment           : HHH000206: hibernate.properties not found
15:09:09.058 [ INFO] org.hibernate.cfg.Environment           : HHH000021: Bytecode provider name : javassist
15:09:09.131 [ INFO] o.hibernate.annotations.common.Version  : HCANN000001: Hibernate Commons Annotations {5.0.1.Final}
15:09:09.340 [ INFO] org.hibernate.dialect.Dialect           : HHH000400: Using dialect: org.hibernate.dialect.MySQL5Dialect
15:09:09.948 [ INFO] j.LocalContainerEntityManagerFactoryBean: Initialized JPA EntityManagerFactory for persistence unit 'default'
15:09:10.612 [ INFO] s.w.s.m.m.a.RequestMappingHandlerAdapter: Looking for @ControllerAdvice: org.springframework.boot.context.embedded.AnnotationConfigEmbeddedWebApplicationContext@1283bb96: startup date [Fri Jun 15 15:09:04 CST 2018]; root of context hierarchy
15:09:10.672 [ INFO] s.w.s.m.m.a.RequestMappingHandlerMapping: Mapped "{[/buyer/order/create],methods=[POST]}" onto public com.zhenxin.sell.VO.ResultVO com.zhenxin.sell.controller.BuyerOrderController.create(com.zhenxin.sell.form.OrderForm)
15:09:10.673 [ INFO] s.w.s.m.m.a.RequestMappingHandlerMapping: Mapped "{[/buyer/order/list],methods=[GET]}" onto public com.zhenxin.sell.VO.ResultVO com.zhenxin.sell.controller.BuyerOrderController.list(org.springframework.data.domain.Pageable,java.lang.String)
15:09:10.674 [ INFO] s.w.s.m.m.a.RequestMappingHandlerMapping: Mapped "{[/buyer/order/cancel],methods=[POST]}" onto public com.zhenxin.sell.VO.ResultVO com.zhenxin.sell.controller.BuyerOrderController.cancel(java.lang.String,java.lang.String)
15:09:10.674 [ INFO] s.w.s.m.m.a.RequestMappingHandlerMapping: Mapped "{[/buyer/order/detail],methods=[GET]}" onto public com.zhenxin.sell.VO.ResultVO com.zhenxin.sell.controller.BuyerOrderController.detail(java.lang.String,java.lang.String)
15:09:10.674 [ INFO] s.w.s.m.m.a.RequestMappingHandlerMapping: Mapped "{[/buyer/product/list],methods=[GET]}" onto public com.zhenxin.sell.VO.ResultVO com.zhenxin.sell.controller.BuyerProductController.list()
15:09:10.675 [ INFO] s.w.s.m.m.a.RequestMappingHandlerMapping: Mapped "{[/seller/order/list],methods=[GET]}" onto public java.lang.String com.zhenxin.sell.controller.SellerOrderController.list(org.springframework.data.domain.Pageable,org.springframework.ui.ModelMap)
15:09:10.675 [ INFO] s.w.s.m.m.a.RequestMappingHandlerMapping: Mapped "{[/seller/order/cancel],methods=[GET]}" onto public java.lang.String com.zhenxin.sell.controller.SellerOrderController.cancel(java.lang.String,org.springframework.ui.ModelMap)
15:09:10.676 [ INFO] s.w.s.m.m.a.RequestMappingHandlerMapping: Mapped "{[/error]}" onto public org.springframework.http.ResponseEntity<java.util.Map<java.lang.String, java.lang.Object>> org.springframework.boot.autoconfigure.web.BasicErrorController.error(javax.servlet.http.HttpServletRequest)
15:09:10.677 [ INFO] s.w.s.m.m.a.RequestMappingHandlerMapping: Mapped "{[/error],produces=[text/html]}" onto public org.springframework.web.servlet.ModelAndView org.springframework.boot.autoconfigure.web.BasicErrorController.errorHtml(javax.servlet.http.HttpServletRequest,javax.servlet.http.HttpServletResponse)
15:09:10.697 [ INFO] o.s.w.s.handler.SimpleUrlHandlerMapping : Mapped URL path [/webjars/**] onto handler of type [class org.springframework.web.servlet.resource.ResourceHttpRequestHandler]
15:09:10.697 [ INFO] o.s.w.s.handler.SimpleUrlHandlerMapping : Mapped URL path [/**] onto handler of type [class org.springframework.web.servlet.resource.ResourceHttpRequestHandler]
15:09:10.769 [ INFO] o.s.w.s.handler.SimpleUrlHandlerMapping : Mapped URL path [/**/favicon.ico] onto handler of type [class org.springframework.web.servlet.resource.ResourceHttpRequestHandler]
15:09:10.974 [ INFO] o.s.w.s.v.f.FreeMarkerConfigurer        : ClassTemplateLoader for Spring macros added to FreeMarker configuration
15:09:11.098 [ INFO] o.s.j.e.a.AnnotationMBeanExporter       : Registering beans for JMX exposure on startup
15:09:11.121 [ INFO] o.a.coyote.http11.Http11NioProtocol     : Starting ProtocolHandler ["http-nio-9010"]
15:09:11.140 [ INFO] o.a.tomcat.util.net.NioSelectorPool     : Using a shared selector for servlet write/read
15:09:11.170 [ INFO] s.b.c.e.t.TomcatEmbeddedServletContainer: Tomcat started on port(s): 9010 (http)
15:09:11.174 [ INFO] com.zhenxin.sell.SellApplication        : Started SellApplication in 6.987 seconds (JVM running for 9.218)
15:14:47.597 [ INFO] com.zhenxin.sell.SellApplication        : Starting SellApplication on CN6CR552179X with PID 14908 (C:\Users\xzhen\Desktop\project\sell\target\classes started by xzhen in C:\Users\xzhen\Desktop\project\sell)
15:14:47.600 [ INFO] com.zhenxin.sell.SellApplication        : No active profile set, falling back to default profiles: default
15:14:47.681 [ INFO] ationConfigEmbeddedWebApplicationContext: Refreshing org.springframework.boot.context.embedded.AnnotationConfigEmbeddedWebApplicationContext@74f0ea28: startup date [Fri Jun 15 15:14:47 CST 2018]; root of context hierarchy
15:14:47.811 [ INFO] o.h.validator.internal.util.Version     : HV000001: Hibernate Validator 5.3.6.Final
15:14:48.785 [ INFO] trationDelegate$BeanPostProcessorChecker: Bean 'org.springframework.transaction.annotation.ProxyTransactionManagementConfiguration' of type [org.springframework.transaction.annotation.ProxyTransactionManagementConfiguration$$EnhancerBySpringCGLIB$$1590ea6c] is not eligible for getting processed by all BeanPostProcessors (for example: not eligible for auto-proxying)
15:14:49.158 [ INFO] s.b.c.e.t.TomcatEmbeddedServletContainer: Tomcat initialized with port(s): 9010 (http)
15:14:49.171 [ INFO] o.a.coyote.http11.Http11NioProtocol     : Initializing ProtocolHandler ["http-nio-9010"]
15:14:49.181 [ INFO] o.apache.catalina.core.StandardService  : Starting service [Tomcat]
15:14:49.181 [ INFO] org.apache.catalina.core.StandardEngine : Starting Servlet Engine: Apache Tomcat/8.5.31
15:14:49.436 [ INFO] o.a.c.c.C.[Tomcat].[localhost].[/sell]  : Initializing Spring embedded WebApplicationContext
15:14:49.436 [ INFO] o.s.web.context.ContextLoader           : Root WebApplicationContext: initialization completed in 1755 ms
15:14:49.626 [ INFO] o.s.b.w.servlet.ServletRegistrationBean : Mapping servlet: 'dispatcherServlet' to [/]
15:14:49.630 [ INFO] o.s.b.w.servlet.FilterRegistrationBean  : Mapping filter: 'characterEncodingFilter' to: [/*]
15:14:49.630 [ INFO] o.s.b.w.servlet.FilterRegistrationBean  : Mapping filter: 'hiddenHttpMethodFilter' to: [/*]
15:14:49.630 [ INFO] o.s.b.w.servlet.FilterRegistrationBean  : Mapping filter: 'httpPutFormContentFilter' to: [/*]
15:14:49.630 [ INFO] o.s.b.w.servlet.FilterRegistrationBean  : Mapping filter: 'requestContextFilter' to: [/*]
15:14:50.359 [ INFO] j.LocalContainerEntityManagerFactoryBean: Building JPA container EntityManagerFactory for persistence unit 'default'
15:14:50.374 [ INFO] o.hibernate.jpa.internal.util.LogHelper : HHH000204: Processing PersistenceUnitInfo [
	name: default
	...]
15:14:50.451 [ INFO] org.hibernate.Version                   : HHH000412: Hibernate Core {5.0.12.Final}
15:14:50.454 [ INFO] org.hibernate.cfg.Environment           : HHH000206: hibernate.properties not found
15:14:50.455 [ INFO] org.hibernate.cfg.Environment           : HHH000021: Bytecode provider name : javassist
15:14:50.506 [ INFO] o.hibernate.annotations.common.Version  : HCANN000001: Hibernate Commons Annotations {5.0.1.Final}
15:14:50.738 [ INFO] org.hibernate.dialect.Dialect           : HHH000400: Using dialect: org.hibernate.dialect.MySQL5Dialect
15:14:51.211 [ INFO] j.LocalContainerEntityManagerFactoryBean: Initialized JPA EntityManagerFactory for persistence unit 'default'
15:14:51.452 [ WARN] ationConfigEmbeddedWebApplicationContext: Exception encountered during context initialization - cancelling refresh attempt: org.springframework.beans.factory.BeanCreationException: Error creating bean with name 'buyerOrderController' defined in file [C:\Users\xzhen\Desktop\project\sell\target\classes\com\zhenxin\sell\controller\BuyerOrderController.class]: Post-processing of merged bean definition failed; nested exception is java.lang.IllegalStateException: Lifecycle method annotation requires a no-arg method: public void com.zhenxin.sell.controller.BuyerOrderController.test(javax.sql.DataSource)
15:14:51.452 [ INFO] j.LocalContainerEntityManagerFactoryBean: Closing JPA EntityManagerFactory for persistence unit 'default'
15:14:51.527 [ INFO] o.apache.catalina.core.StandardService  : Stopping service [Tomcat]
15:14:51.536 [ INFO] utoConfigurationReportLoggingInitializer: 

Error starting ApplicationContext. To display the auto-configuration report re-run your application with 'debug' enabled.
15:16:35.172 [ INFO] com.zhenxin.sell.SellApplication        : Starting SellApplication on CN6CR552179X with PID 3820 (C:\Users\xzhen\Desktop\project\sell\target\classes started by xzhen in C:\Users\xzhen\Desktop\project\sell)
15:16:35.176 [ INFO] com.zhenxin.sell.SellApplication        : No active profile set, falling back to default profiles: default
15:16:35.282 [ INFO] ationConfigEmbeddedWebApplicationContext: Refreshing org.springframework.boot.context.embedded.AnnotationConfigEmbeddedWebApplicationContext@1283bb96: startup date [Fri Jun 15 15:16:35 CST 2018]; root of context hierarchy
15:16:35.447 [ INFO] o.h.validator.internal.util.Version     : HV000001: Hibernate Validator 5.3.6.Final
15:16:36.329 [ INFO] trationDelegate$BeanPostProcessorChecker: Bean 'org.springframework.transaction.annotation.ProxyTransactionManagementConfiguration' of type [org.springframework.transaction.annotation.ProxyTransactionManagementConfiguration$$EnhancerBySpringCGLIB$$c2f9d394] is not eligible for getting processed by all BeanPostProcessors (for example: not eligible for auto-proxying)
15:16:36.756 [ INFO] s.b.c.e.t.TomcatEmbeddedServletContainer: Tomcat initialized with port(s): 9010 (http)
15:16:36.768 [ INFO] o.a.coyote.http11.Http11NioProtocol     : Initializing ProtocolHandler ["http-nio-9010"]
15:16:36.779 [ INFO] o.apache.catalina.core.StandardService  : Starting service [Tomcat]
15:16:36.779 [ INFO] org.apache.catalina.core.StandardEngine : Starting Servlet Engine: Apache Tomcat/8.5.31
15:16:36.917 [ INFO] o.a.c.c.C.[Tomcat].[localhost].[/sell]  : Initializing Spring embedded WebApplicationContext
15:16:36.918 [ INFO] o.s.web.context.ContextLoader           : Root WebApplicationContext: initialization completed in 1636 ms
15:16:37.104 [ INFO] o.s.b.w.servlet.ServletRegistrationBean : Mapping servlet: 'dispatcherServlet' to [/]
15:16:37.108 [ INFO] o.s.b.w.servlet.FilterRegistrationBean  : Mapping filter: 'characterEncodingFilter' to: [/*]
15:16:37.108 [ INFO] o.s.b.w.servlet.FilterRegistrationBean  : Mapping filter: 'hiddenHttpMethodFilter' to: [/*]
15:16:37.108 [ INFO] o.s.b.w.servlet.FilterRegistrationBean  : Mapping filter: 'httpPutFormContentFilter' to: [/*]
15:16:37.108 [ INFO] o.s.b.w.servlet.FilterRegistrationBean  : Mapping filter: 'requestContextFilter' to: [/*]
15:16:37.564 [ INFO] j.LocalContainerEntityManagerFactoryBean: Building JPA container EntityManagerFactory for persistence unit 'default'
15:16:37.575 [ INFO] o.hibernate.jpa.internal.util.LogHelper : HHH000204: Processing PersistenceUnitInfo [
	name: default
	...]
15:16:37.629 [ INFO] org.hibernate.Version                   : HHH000412: Hibernate Core {5.0.12.Final}
15:16:37.630 [ INFO] org.hibernate.cfg.Environment           : HHH000206: hibernate.properties not found
15:16:37.631 [ INFO] org.hibernate.cfg.Environment           : HHH000021: Bytecode provider name : javassist
15:16:37.665 [ INFO] o.hibernate.annotations.common.Version  : HCANN000001: Hibernate Commons Annotations {5.0.1.Final}
15:16:37.778 [ INFO] org.hibernate.dialect.Dialect           : HHH000400: Using dialect: org.hibernate.dialect.MySQL5Dialect
15:16:38.240 [ INFO] j.LocalContainerEntityManagerFactoryBean: Initialized JPA EntityManagerFactory for persistence unit 'default'
15:16:38.732 [ INFO] s.w.s.m.m.a.RequestMappingHandlerAdapter: Looking for @ControllerAdvice: org.springframework.boot.context.embedded.AnnotationConfigEmbeddedWebApplicationContext@1283bb96: startup date [Fri Jun 15 15:16:35 CST 2018]; root of context hierarchy
15:16:38.786 [ INFO] s.w.s.m.m.a.RequestMappingHandlerMapping: Mapped "{[/buyer/order/create],methods=[POST]}" onto public com.zhenxin.sell.VO.ResultVO com.zhenxin.sell.controller.BuyerOrderController.create(com.zhenxin.sell.form.OrderForm,org.springframework.validation.BindingResult)
15:16:38.787 [ INFO] s.w.s.m.m.a.RequestMappingHandlerMapping: Mapped "{[/buyer/order/list],methods=[GET]}" onto public com.zhenxin.sell.VO.ResultVO com.zhenxin.sell.controller.BuyerOrderController.list(org.springframework.data.domain.Pageable,java.lang.String)
15:16:38.787 [ INFO] s.w.s.m.m.a.RequestMappingHandlerMapping: Mapped "{[/buyer/order/detail],methods=[GET]}" onto public com.zhenxin.sell.VO.ResultVO com.zhenxin.sell.controller.BuyerOrderController.detail(java.lang.String,java.lang.String)
15:16:38.787 [ INFO] s.w.s.m.m.a.RequestMappingHandlerMapping: Mapped "{[/buyer/order/cancel],methods=[POST]}" onto public com.zhenxin.sell.VO.ResultVO com.zhenxin.sell.controller.BuyerOrderController.cancel(java.lang.String,java.lang.String)
15:16:38.788 [ INFO] s.w.s.m.m.a.RequestMappingHandlerMapping: Mapped "{[/buyer/product/list],methods=[GET]}" onto public com.zhenxin.sell.VO.ResultVO com.zhenxin.sell.controller.BuyerProductController.list()
15:16:38.788 [ INFO] s.w.s.m.m.a.RequestMappingHandlerMapping: Mapped "{[/seller/order/list],methods=[GET]}" onto public java.lang.String com.zhenxin.sell.controller.SellerOrderController.list(org.springframework.data.domain.Pageable,org.springframework.ui.ModelMap)
15:16:38.789 [ INFO] s.w.s.m.m.a.RequestMappingHandlerMapping: Mapped "{[/seller/order/cancel],methods=[GET]}" onto public java.lang.String com.zhenxin.sell.controller.SellerOrderController.cancel(java.lang.String,org.springframework.ui.ModelMap)
15:16:38.791 [ INFO] s.w.s.m.m.a.RequestMappingHandlerMapping: Mapped "{[/error]}" onto public org.springframework.http.ResponseEntity<java.util.Map<java.lang.String, java.lang.Object>> org.springframework.boot.autoconfigure.web.BasicErrorController.error(javax.servlet.http.HttpServletRequest)
15:16:38.791 [ INFO] s.w.s.m.m.a.RequestMappingHandlerMapping: Mapped "{[/error],produces=[text/html]}" onto public org.springframework.web.servlet.ModelAndView org.springframework.boot.autoconfigure.web.BasicErrorController.errorHtml(javax.servlet.http.HttpServletRequest,javax.servlet.http.HttpServletResponse)
15:16:38.816 [ INFO] o.s.w.s.handler.SimpleUrlHandlerMapping : Mapped URL path [/webjars/**] onto handler of type [class org.springframework.web.servlet.resource.ResourceHttpRequestHandler]
15:16:38.816 [ INFO] o.s.w.s.handler.SimpleUrlHandlerMapping : Mapped URL path [/**] onto handler of type [class org.springframework.web.servlet.resource.ResourceHttpRequestHandler]
15:16:38.844 [ INFO] o.s.w.s.handler.SimpleUrlHandlerMapping : Mapped URL path [/**/favicon.ico] onto handler of type [class org.springframework.web.servlet.resource.ResourceHttpRequestHandler]
15:16:39.026 [ INFO] o.s.w.s.v.f.FreeMarkerConfigurer        : ClassTemplateLoader for Spring macros added to FreeMarker configuration
15:16:39.137 [ INFO] o.s.j.e.a.AnnotationMBeanExporter       : Registering beans for JMX exposure on startup
15:16:39.148 [ INFO] o.a.coyote.http11.Http11NioProtocol     : Starting ProtocolHandler ["http-nio-9010"]
15:16:39.168 [ INFO] o.a.tomcat.util.net.NioSelectorPool     : Using a shared selector for servlet write/read
15:16:39.191 [ INFO] s.b.c.e.t.TomcatEmbeddedServletContainer: Tomcat started on port(s): 9010 (http)
15:16:39.195 [ INFO] com.zhenxin.sell.SellApplication        : Started SellApplication in 4.702 seconds (JVM running for 6.227)
15:19:30.303 [ INFO] o.a.c.c.C.[Tomcat].[localhost].[/sell]  : Initializing Spring FrameworkServlet 'dispatcherServlet'
15:19:30.303 [ INFO] o.s.web.servlet.DispatcherServlet       : FrameworkServlet 'dispatcherServlet': initialization started
15:19:30.329 [ INFO] o.s.web.servlet.DispatcherServlet       : FrameworkServlet 'dispatcherServlet': initialization completed in 26 ms
15:23:13.420 [ INFO] com.zhenxin.sell.SellApplication        : Starting SellApplication on CN6CR552179X with PID 8656 (C:\Users\xzhen\Desktop\project\sell\target\classes started by xzhen in C:\Users\xzhen\Desktop\project\sell)
15:23:13.422 [ INFO] com.zhenxin.sell.SellApplication        : No active profile set, falling back to default profiles: default
15:23:13.466 [ INFO] ationConfigEmbeddedWebApplicationContext: Refreshing org.springframework.boot.context.embedded.AnnotationConfigEmbeddedWebApplicationContext@1283bb96: startup date [Fri Jun 15 15:23:13 CST 2018]; root of context hierarchy
15:23:13.618 [ INFO] o.h.validator.internal.util.Version     : HV000001: Hibernate Validator 5.3.6.Final
15:23:14.503 [ INFO] trationDelegate$BeanPostProcessorChecker: Bean 'org.springframework.transaction.annotation.ProxyTransactionManagementConfiguration' of type [org.springframework.transaction.annotation.ProxyTransactionManagementConfiguration$$EnhancerBySpringCGLIB$$10af0600] is not eligible for getting processed by all BeanPostProcessors (for example: not eligible for auto-proxying)
15:23:14.868 [ INFO] s.b.c.e.t.TomcatEmbeddedServletContainer: Tomcat initialized with port(s): 9010 (http)
15:23:14.881 [ INFO] o.a.coyote.http11.Http11NioProtocol     : Initializing ProtocolHandler ["http-nio-9010"]
15:23:14.890 [ INFO] o.apache.catalina.core.StandardService  : Starting service [Tomcat]
15:23:14.891 [ INFO] org.apache.catalina.core.StandardEngine : Starting Servlet Engine: Apache Tomcat/8.5.31
15:23:15.090 [ INFO] o.a.c.c.C.[Tomcat].[localhost].[/sell]  : Initializing Spring embedded WebApplicationContext
15:23:15.091 [ INFO] o.s.web.context.ContextLoader           : Root WebApplicationContext: initialization completed in 1625 ms
15:23:15.309 [ INFO] o.s.b.w.servlet.ServletRegistrationBean : Mapping servlet: 'dispatcherServlet' to [/]
15:23:15.315 [ INFO] o.s.b.w.servlet.FilterRegistrationBean  : Mapping filter: 'characterEncodingFilter' to: [/*]
15:23:15.316 [ INFO] o.s.b.w.servlet.FilterRegistrationBean  : Mapping filter: 'hiddenHttpMethodFilter' to: [/*]
15:23:15.316 [ INFO] o.s.b.w.servlet.FilterRegistrationBean  : Mapping filter: 'httpPutFormContentFilter' to: [/*]
15:23:15.316 [ INFO] o.s.b.w.servlet.FilterRegistrationBean  : Mapping filter: 'requestContextFilter' to: [/*]
15:23:15.949 [ INFO] j.LocalContainerEntityManagerFactoryBean: Building JPA container EntityManagerFactory for persistence unit 'default'
15:23:15.961 [ INFO] o.hibernate.jpa.internal.util.LogHelper : HHH000204: Processing PersistenceUnitInfo [
	name: default
	...]
15:23:16.032 [ INFO] org.hibernate.Version                   : HHH000412: Hibernate Core {5.0.12.Final}
15:23:16.033 [ INFO] org.hibernate.cfg.Environment           : HHH000206: hibernate.properties not found
15:23:16.034 [ INFO] org.hibernate.cfg.Environment           : HHH000021: Bytecode provider name : javassist
15:23:16.081 [ INFO] o.hibernate.annotations.common.Version  : HCANN000001: Hibernate Commons Annotations {5.0.1.Final}
15:23:16.247 [ INFO] org.hibernate.dialect.Dialect           : HHH000400: Using dialect: org.hibernate.dialect.MySQL5Dialect
15:23:16.829 [ INFO] j.LocalContainerEntityManagerFactoryBean: Initialized JPA EntityManagerFactory for persistence unit 'default'
15:23:17.316 [ INFO] s.w.s.m.m.a.RequestMappingHandlerAdapter: Looking for @ControllerAdvice: org.springframework.boot.context.embedded.AnnotationConfigEmbeddedWebApplicationContext@1283bb96: startup date [Fri Jun 15 15:23:13 CST 2018]; root of context hierarchy
15:23:17.368 [ INFO] s.w.s.m.m.a.RequestMappingHandlerMapping: Mapped "{[/buyer/order/create],methods=[POST]}" onto public com.zhenxin.sell.VO.ResultVO com.zhenxin.sell.controller.BuyerOrderController.create(com.zhenxin.sell.form.OrderForm,org.springframework.validation.BindingResult)
15:23:17.369 [ INFO] s.w.s.m.m.a.RequestMappingHandlerMapping: Mapped "{[/buyer/order/list],methods=[GET]}" onto public com.zhenxin.sell.VO.ResultVO com.zhenxin.sell.controller.BuyerOrderController.list(org.springframework.data.domain.Pageable,java.lang.String)
15:23:17.369 [ INFO] s.w.s.m.m.a.RequestMappingHandlerMapping: Mapped "{[/buyer/order/detail],methods=[GET]}" onto public com.zhenxin.sell.VO.ResultVO com.zhenxin.sell.controller.BuyerOrderController.detail(java.lang.String,java.lang.String)
15:23:17.370 [ INFO] s.w.s.m.m.a.RequestMappingHandlerMapping: Mapped "{[/buyer/order/cancel],methods=[POST]}" onto public com.zhenxin.sell.VO.ResultVO com.zhenxin.sell.controller.BuyerOrderController.cancel(java.lang.String,java.lang.String)
15:23:17.370 [ INFO] s.w.s.m.m.a.RequestMappingHandlerMapping: Mapped "{[/buyer/product/list],methods=[GET]}" onto public com.zhenxin.sell.VO.ResultVO com.zhenxin.sell.controller.BuyerProductController.list()
15:23:17.371 [ INFO] s.w.s.m.m.a.RequestMappingHandlerMapping: Mapped "{[/seller/order/list],methods=[GET]}" onto public java.lang.String com.zhenxin.sell.controller.SellerOrderController.list(org.springframework.data.domain.Pageable,org.springframework.ui.ModelMap)
15:23:17.371 [ INFO] s.w.s.m.m.a.RequestMappingHandlerMapping: Mapped "{[/seller/order/cancel],methods=[GET]}" onto public java.lang.String com.zhenxin.sell.controller.SellerOrderController.cancel(java.lang.String,org.springframework.ui.ModelMap)
15:23:17.372 [ INFO] s.w.s.m.m.a.RequestMappingHandlerMapping: Mapped "{[/error]}" onto public org.springframework.http.ResponseEntity<java.util.Map<java.lang.String, java.lang.Object>> org.springframework.boot.autoconfigure.web.BasicErrorController.error(javax.servlet.http.HttpServletRequest)
15:23:17.373 [ INFO] s.w.s.m.m.a.RequestMappingHandlerMapping: Mapped "{[/error],produces=[text/html]}" onto public org.springframework.web.servlet.ModelAndView org.springframework.boot.autoconfigure.web.BasicErrorController.errorHtml(javax.servlet.http.HttpServletRequest,javax.servlet.http.HttpServletResponse)
15:23:17.398 [ INFO] o.s.w.s.handler.SimpleUrlHandlerMapping : Mapped URL path [/webjars/**] onto handler of type [class org.springframework.web.servlet.resource.ResourceHttpRequestHandler]
15:23:17.398 [ INFO] o.s.w.s.handler.SimpleUrlHandlerMapping : Mapped URL path [/**] onto handler of type [class org.springframework.web.servlet.resource.ResourceHttpRequestHandler]
15:23:17.428 [ INFO] o.s.w.s.handler.SimpleUrlHandlerMapping : Mapped URL path [/**/favicon.ico] onto handler of type [class org.springframework.web.servlet.resource.ResourceHttpRequestHandler]
15:23:17.602 [ INFO] o.s.w.s.v.f.FreeMarkerConfigurer        : ClassTemplateLoader for Spring macros added to FreeMarker configuration
15:23:17.711 [ INFO] o.s.j.e.a.AnnotationMBeanExporter       : Registering beans for JMX exposure on startup
15:23:17.722 [ INFO] o.a.coyote.http11.Http11NioProtocol     : Starting ProtocolHandler ["http-nio-9010"]
15:23:17.739 [ INFO] o.a.tomcat.util.net.NioSelectorPool     : Using a shared selector for servlet write/read
15:23:17.760 [ INFO] s.b.c.e.t.TomcatEmbeddedServletContainer: Tomcat started on port(s): 9010 (http)
15:23:17.763 [ INFO] com.zhenxin.sell.SellApplication        : Started SellApplication in 5.04 seconds (JVM running for 6.292)
15:23:21.181 [ INFO] o.a.c.c.C.[Tomcat].[localhost].[/sell]  : Initializing Spring FrameworkServlet 'dispatcherServlet'
15:23:21.181 [ INFO] o.s.web.servlet.DispatcherServlet       : FrameworkServlet 'dispatcherServlet': initialization started
15:23:21.203 [ INFO] o.s.web.servlet.DispatcherServlet       : FrameworkServlet 'dispatcherServlet': initialization completed in 22 ms
15:24:24.843 [ INFO] com.zhenxin.sell.SellApplication        : Starting SellApplication on CN6CR552179X with PID 4508 (C:\Users\xzhen\Desktop\project\sell\target\classes started by xzhen in C:\Users\xzhen\Desktop\project\sell)
15:24:24.846 [ INFO] com.zhenxin.sell.SellApplication        : No active profile set, falling back to default profiles: default
15:24:24.917 [ INFO] ationConfigEmbeddedWebApplicationContext: Refreshing org.springframework.boot.context.embedded.AnnotationConfigEmbeddedWebApplicationContext@1283bb96: startup date [Fri Jun 15 15:24:24 CST 2018]; root of context hierarchy
15:24:25.119 [ INFO] o.h.validator.internal.util.Version     : HV000001: Hibernate Validator 5.3.6.Final
15:24:26.271 [ INFO] trationDelegate$BeanPostProcessorChecker: Bean 'org.springframework.transaction.annotation.ProxyTransactionManagementConfiguration' of type [org.springframework.transaction.annotation.ProxyTransactionManagementConfiguration$$EnhancerBySpringCGLIB$$8547384c] is not eligible for getting processed by all BeanPostProcessors (for example: not eligible for auto-proxying)
15:24:26.785 [ INFO] s.b.c.e.t.TomcatEmbeddedServletContainer: Tomcat initialized with port(s): 9010 (http)
15:24:26.797 [ INFO] o.a.coyote.http11.Http11NioProtocol     : Initializing ProtocolHandler ["http-nio-9010"]
15:24:26.805 [ INFO] o.apache.catalina.core.StandardService  : Starting service [Tomcat]
15:24:26.806 [ INFO] org.apache.catalina.core.StandardEngine : Starting Servlet Engine: Apache Tomcat/8.5.31
15:24:26.964 [ INFO] o.a.c.c.C.[Tomcat].[localhost].[/sell]  : Initializing Spring embedded WebApplicationContext
15:24:26.964 [ INFO] o.s.web.context.ContextLoader           : Root WebApplicationContext: initialization completed in 2047 ms
15:24:27.135 [ INFO] o.s.b.w.servlet.ServletRegistrationBean : Mapping servlet: 'dispatcherServlet' to [/]
15:24:27.138 [ INFO] o.s.b.w.servlet.FilterRegistrationBean  : Mapping filter: 'characterEncodingFilter' to: [/*]
15:24:27.138 [ INFO] o.s.b.w.servlet.FilterRegistrationBean  : Mapping filter: 'hiddenHttpMethodFilter' to: [/*]
15:24:27.139 [ INFO] o.s.b.w.servlet.FilterRegistrationBean  : Mapping filter: 'httpPutFormContentFilter' to: [/*]
15:24:27.139 [ INFO] o.s.b.w.servlet.FilterRegistrationBean  : Mapping filter: 'requestContextFilter' to: [/*]
15:24:27.616 [ INFO] j.LocalContainerEntityManagerFactoryBean: Building JPA container EntityManagerFactory for persistence unit 'default'
15:24:27.626 [ INFO] o.hibernate.jpa.internal.util.LogHelper : HHH000204: Processing PersistenceUnitInfo [
	name: default
	...]
15:24:27.680 [ INFO] org.hibernate.Version                   : HHH000412: Hibernate Core {5.0.12.Final}
15:24:27.682 [ INFO] org.hibernate.cfg.Environment           : HHH000206: hibernate.properties not found
15:24:27.682 [ INFO] org.hibernate.cfg.Environment           : HHH000021: Bytecode provider name : javassist
15:24:27.716 [ INFO] o.hibernate.annotations.common.Version  : HCANN000001: Hibernate Commons Annotations {5.0.1.Final}
15:24:27.836 [ INFO] org.hibernate.dialect.Dialect           : HHH000400: Using dialect: org.hibernate.dialect.MySQL5Dialect
15:24:28.275 [ INFO] j.LocalContainerEntityManagerFactoryBean: Initialized JPA EntityManagerFactory for persistence unit 'default'
15:24:28.792 [ INFO] s.w.s.m.m.a.RequestMappingHandlerAdapter: Looking for @ControllerAdvice: org.springframework.boot.context.embedded.AnnotationConfigEmbeddedWebApplicationContext@1283bb96: startup date [Fri Jun 15 15:24:24 CST 2018]; root of context hierarchy
15:24:28.856 [ INFO] s.w.s.m.m.a.RequestMappingHandlerMapping: Mapped "{[/buyer/order/create],methods=[POST]}" onto public com.zhenxin.sell.VO.ResultVO com.zhenxin.sell.controller.BuyerOrderController.create(com.zhenxin.sell.form.OrderForm,org.springframework.validation.BindingResult)
15:24:28.858 [ INFO] s.w.s.m.m.a.RequestMappingHandlerMapping: Mapped "{[/buyer/order/list],methods=[GET]}" onto public com.zhenxin.sell.VO.ResultVO com.zhenxin.sell.controller.BuyerOrderController.list(org.springframework.data.domain.Pageable,java.lang.String)
15:24:28.859 [ INFO] s.w.s.m.m.a.RequestMappingHandlerMapping: Mapped "{[/buyer/order/detail],methods=[GET]}" onto public com.zhenxin.sell.VO.ResultVO com.zhenxin.sell.controller.BuyerOrderController.detail(java.lang.String,java.lang.String)
15:24:28.859 [ INFO] s.w.s.m.m.a.RequestMappingHandlerMapping: Mapped "{[/buyer/order/cancel],methods=[POST]}" onto public com.zhenxin.sell.VO.ResultVO com.zhenxin.sell.controller.BuyerOrderController.cancel(java.lang.String,java.lang.String)
15:24:28.859 [ INFO] s.w.s.m.m.a.RequestMappingHandlerMapping: Mapped "{[/buyer/product/list],methods=[GET]}" onto public com.zhenxin.sell.VO.ResultVO com.zhenxin.sell.controller.BuyerProductController.list()
15:24:28.860 [ INFO] s.w.s.m.m.a.RequestMappingHandlerMapping: Mapped "{[/seller/order/list],methods=[GET]}" onto public java.lang.String com.zhenxin.sell.controller.SellerOrderController.list(org.springframework.data.domain.Pageable,org.springframework.ui.ModelMap)
15:24:28.860 [ INFO] s.w.s.m.m.a.RequestMappingHandlerMapping: Mapped "{[/seller/order/cancel],methods=[GET]}" onto public java.lang.String com.zhenxin.sell.controller.SellerOrderController.cancel(java.lang.String,org.springframework.ui.ModelMap)
15:24:28.862 [ INFO] s.w.s.m.m.a.RequestMappingHandlerMapping: Mapped "{[/error]}" onto public org.springframework.http.ResponseEntity<java.util.Map<java.lang.String, java.lang.Object>> org.springframework.boot.autoconfigure.web.BasicErrorController.error(javax.servlet.http.HttpServletRequest)
15:24:28.863 [ INFO] s.w.s.m.m.a.RequestMappingHandlerMapping: Mapped "{[/error],produces=[text/html]}" onto public org.springframework.web.servlet.ModelAndView org.springframework.boot.autoconfigure.web.BasicErrorController.errorHtml(javax.servlet.http.HttpServletRequest,javax.servlet.http.HttpServletResponse)
15:24:28.890 [ INFO] o.s.w.s.handler.SimpleUrlHandlerMapping : Mapped URL path [/webjars/**] onto handler of type [class org.springframework.web.servlet.resource.ResourceHttpRequestHandler]
15:24:28.891 [ INFO] o.s.w.s.handler.SimpleUrlHandlerMapping : Mapped URL path [/**] onto handler of type [class org.springframework.web.servlet.resource.ResourceHttpRequestHandler]
15:24:28.925 [ INFO] o.s.w.s.handler.SimpleUrlHandlerMapping : Mapped URL path [/**/favicon.ico] onto handler of type [class org.springframework.web.servlet.resource.ResourceHttpRequestHandler]
15:24:29.164 [ INFO] o.s.w.s.v.f.FreeMarkerConfigurer        : ClassTemplateLoader for Spring macros added to FreeMarker configuration
15:24:29.310 [ INFO] o.s.j.e.a.AnnotationMBeanExporter       : Registering beans for JMX exposure on startup
15:24:29.323 [ INFO] o.a.coyote.http11.Http11NioProtocol     : Starting ProtocolHandler ["http-nio-9010"]
15:24:29.346 [ INFO] o.a.tomcat.util.net.NioSelectorPool     : Using a shared selector for servlet write/read
15:24:29.370 [ INFO] s.b.c.e.t.TomcatEmbeddedServletContainer: Tomcat started on port(s): 9010 (http)
15:24:29.375 [ INFO] com.zhenxin.sell.SellApplication        : Started SellApplication in 5.198 seconds (JVM running for 6.488)
15:24:32.076 [ INFO] o.a.c.c.C.[Tomcat].[localhost].[/sell]  : Initializing Spring FrameworkServlet 'dispatcherServlet'
15:24:32.076 [ INFO] o.s.web.servlet.DispatcherServlet       : FrameworkServlet 'dispatcherServlet': initialization started
15:24:32.102 [ INFO] o.s.web.servlet.DispatcherServlet       : FrameworkServlet 'dispatcherServlet': initialization completed in 26 ms
15:26:39.832 [ WARN] o.s.web.servlet.PageNotFound            : Request method 'POST' not supported
15:27:18.806 [ INFO] o.h.h.i.QueryTranslatorFactoryInitiator : HHH000397: Using ASTQueryTranslatorFactory
15:28:44.015 [ INFO] com.zhenxin.sell.SellApplication        : Starting SellApplication on CN6CR552179X with PID 11948 (C:\Users\xzhen\Desktop\project\sell\target\classes started by xzhen in C:\Users\xzhen\Desktop\project\sell)
15:28:44.018 [ INFO] com.zhenxin.sell.SellApplication        : No active profile set, falling back to default profiles: default
15:28:44.077 [ INFO] ationConfigEmbeddedWebApplicationContext: Refreshing org.springframework.boot.context.embedded.AnnotationConfigEmbeddedWebApplicationContext@1283bb96: startup date [Fri Jun 15 15:28:44 CST 2018]; root of context hierarchy
15:28:44.320 [ INFO] o.h.validator.internal.util.Version     : HV000001: Hibernate Validator 5.3.6.Final
15:28:46.021 [ INFO] trationDelegate$BeanPostProcessorChecker: Bean 'org.springframework.transaction.annotation.ProxyTransactionManagementConfiguration' of type [org.springframework.transaction.annotation.ProxyTransactionManagementConfiguration$$EnhancerBySpringCGLIB$$10af0600] is not eligible for getting processed by all BeanPostProcessors (for example: not eligible for auto-proxying)
15:28:46.513 [ INFO] s.b.c.e.t.TomcatEmbeddedServletContainer: Tomcat initialized with port(s): 9010 (http)
15:28:46.528 [ INFO] o.a.coyote.http11.Http11NioProtocol     : Initializing ProtocolHandler ["http-nio-9010"]
15:28:46.538 [ INFO] o.apache.catalina.core.StandardService  : Starting service [Tomcat]
15:28:46.538 [ INFO] org.apache.catalina.core.StandardEngine : Starting Servlet Engine: Apache Tomcat/8.5.31
15:28:46.725 [ INFO] o.a.c.c.C.[Tomcat].[localhost].[/sell]  : Initializing Spring embedded WebApplicationContext
15:28:46.726 [ INFO] o.s.web.context.ContextLoader           : Root WebApplicationContext: initialization completed in 2650 ms
15:28:46.943 [ INFO] o.s.b.w.servlet.ServletRegistrationBean : Mapping servlet: 'dispatcherServlet' to [/]
15:28:46.947 [ INFO] o.s.b.w.servlet.FilterRegistrationBean  : Mapping filter: 'characterEncodingFilter' to: [/*]
15:28:46.948 [ INFO] o.s.b.w.servlet.FilterRegistrationBean  : Mapping filter: 'hiddenHttpMethodFilter' to: [/*]
15:28:46.948 [ INFO] o.s.b.w.servlet.FilterRegistrationBean  : Mapping filter: 'httpPutFormContentFilter' to: [/*]
15:28:46.948 [ INFO] o.s.b.w.servlet.FilterRegistrationBean  : Mapping filter: 'requestContextFilter' to: [/*]
15:28:47.623 [ INFO] j.LocalContainerEntityManagerFactoryBean: Building JPA container EntityManagerFactory for persistence unit 'default'
15:28:47.633 [ INFO] o.hibernate.jpa.internal.util.LogHelper : HHH000204: Processing PersistenceUnitInfo [
	name: default
	...]
15:28:47.689 [ INFO] org.hibernate.Version                   : HHH000412: Hibernate Core {5.0.12.Final}
15:28:47.690 [ INFO] org.hibernate.cfg.Environment           : HHH000206: hibernate.properties not found
15:28:47.691 [ INFO] org.hibernate.cfg.Environment           : HHH000021: Bytecode provider name : javassist
15:28:47.725 [ INFO] o.hibernate.annotations.common.Version  : HCANN000001: Hibernate Commons Annotations {5.0.1.Final}
15:28:47.840 [ INFO] org.hibernate.dialect.Dialect           : HHH000400: Using dialect: org.hibernate.dialect.MySQL5Dialect
15:28:48.293 [ INFO] j.LocalContainerEntityManagerFactoryBean: Initialized JPA EntityManagerFactory for persistence unit 'default'
15:28:48.811 [ INFO] s.w.s.m.m.a.RequestMappingHandlerAdapter: Looking for @ControllerAdvice: org.springframework.boot.context.embedded.AnnotationConfigEmbeddedWebApplicationContext@1283bb96: startup date [Fri Jun 15 15:28:44 CST 2018]; root of context hierarchy
15:28:48.864 [ INFO] s.w.s.m.m.a.RequestMappingHandlerMapping: Mapped "{[/buyer/order/create],methods=[POST]}" onto public com.zhenxin.sell.VO.ResultVO com.zhenxin.sell.controller.BuyerOrderController.create(com.zhenxin.sell.form.OrderForm,org.springframework.validation.BindingResult)
15:28:48.864 [ INFO] s.w.s.m.m.a.RequestMappingHandlerMapping: Mapped "{[/buyer/order/list],methods=[GET]}" onto public com.zhenxin.sell.VO.ResultVO com.zhenxin.sell.controller.BuyerOrderController.list(org.springframework.data.domain.Pageable,java.lang.String)
15:28:48.865 [ INFO] s.w.s.m.m.a.RequestMappingHandlerMapping: Mapped "{[/buyer/order/cancel],methods=[POST]}" onto public com.zhenxin.sell.VO.ResultVO com.zhenxin.sell.controller.BuyerOrderController.cancel(java.lang.String,java.lang.String)
15:28:48.865 [ INFO] s.w.s.m.m.a.RequestMappingHandlerMapping: Mapped "{[/buyer/order/detail],methods=[GET]}" onto public com.zhenxin.sell.VO.ResultVO com.zhenxin.sell.controller.BuyerOrderController.detail(java.lang.String,java.lang.String)
15:28:48.865 [ INFO] s.w.s.m.m.a.RequestMappingHandlerMapping: Mapped "{[/buyer/product/list],methods=[GET]}" onto public com.zhenxin.sell.VO.ResultVO com.zhenxin.sell.controller.BuyerProductController.list()
15:28:48.866 [ INFO] s.w.s.m.m.a.RequestMappingHandlerMapping: Mapped "{[/seller/order/list],methods=[GET]}" onto public java.lang.String com.zhenxin.sell.controller.SellerOrderController.list(org.springframework.data.domain.Pageable,org.springframework.ui.ModelMap)
15:28:48.866 [ INFO] s.w.s.m.m.a.RequestMappingHandlerMapping: Mapped "{[/seller/order/cancel],methods=[GET]}" onto public java.lang.String com.zhenxin.sell.controller.SellerOrderController.cancel(java.lang.String,org.springframework.ui.ModelMap)
15:28:48.867 [ INFO] s.w.s.m.m.a.RequestMappingHandlerMapping: Mapped "{[/error]}" onto public org.springframework.http.ResponseEntity<java.util.Map<java.lang.String, java.lang.Object>> org.springframework.boot.autoconfigure.web.BasicErrorController.error(javax.servlet.http.HttpServletRequest)
15:28:48.868 [ INFO] s.w.s.m.m.a.RequestMappingHandlerMapping: Mapped "{[/error],produces=[text/html]}" onto public org.springframework.web.servlet.ModelAndView org.springframework.boot.autoconfigure.web.BasicErrorController.errorHtml(javax.servlet.http.HttpServletRequest,javax.servlet.http.HttpServletResponse)
15:28:48.889 [ INFO] o.s.w.s.handler.SimpleUrlHandlerMapping : Mapped URL path [/webjars/**] onto handler of type [class org.springframework.web.servlet.resource.ResourceHttpRequestHandler]
15:28:48.889 [ INFO] o.s.w.s.handler.SimpleUrlHandlerMapping : Mapped URL path [/**] onto handler of type [class org.springframework.web.servlet.resource.ResourceHttpRequestHandler]
15:28:48.916 [ INFO] o.s.w.s.handler.SimpleUrlHandlerMapping : Mapped URL path [/**/favicon.ico] onto handler of type [class org.springframework.web.servlet.resource.ResourceHttpRequestHandler]
15:28:49.072 [ INFO] o.s.w.s.v.f.FreeMarkerConfigurer        : ClassTemplateLoader for Spring macros added to FreeMarker configuration
15:28:49.191 [ INFO] o.s.j.e.a.AnnotationMBeanExporter       : Registering beans for JMX exposure on startup
15:28:49.202 [ INFO] o.a.coyote.http11.Http11NioProtocol     : Starting ProtocolHandler ["http-nio-9010"]
15:28:49.219 [ INFO] o.a.tomcat.util.net.NioSelectorPool     : Using a shared selector for servlet write/read
15:28:49.243 [ INFO] s.b.c.e.t.TomcatEmbeddedServletContainer: Tomcat started on port(s): 9010 (http)
15:28:49.247 [ INFO] com.zhenxin.sell.SellApplication        : Started SellApplication in 5.912 seconds (JVM running for 6.988)
15:29:02.491 [ INFO] o.a.c.c.C.[Tomcat].[localhost].[/sell]  : Initializing Spring FrameworkServlet 'dispatcherServlet'
15:29:02.491 [ INFO] o.s.web.servlet.DispatcherServlet       : FrameworkServlet 'dispatcherServlet': initialization started
15:29:02.529 [ INFO] o.s.web.servlet.DispatcherServlet       : FrameworkServlet 'dispatcherServlet': initialization completed in 38 ms
15:29:02.579 [ INFO] o.h.h.i.QueryTranslatorFactoryInitiator : HHH000397: Using ASTQueryTranslatorFactory
16:15:29.973 [ INFO] com.zhenxin.sell.SellApplication        : Starting SellApplication on CN6CR552179X with PID 12080 (C:\Users\xzhen\Desktop\project\sell\target\classes started by xzhen in C:\Users\xzhen\Desktop\project\sell)
16:15:29.976 [ INFO] com.zhenxin.sell.SellApplication        : No active profile set, falling back to default profiles: default
16:15:30.059 [ INFO] ationConfigEmbeddedWebApplicationContext: Refreshing org.springframework.boot.context.embedded.AnnotationConfigEmbeddedWebApplicationContext@1283bb96: startup date [Fri Jun 15 16:15:30 CST 2018]; root of context hierarchy
16:15:30.247 [ INFO] o.h.validator.internal.util.Version     : HV000001: Hibernate Validator 5.3.6.Final
16:15:32.002 [ INFO] trationDelegate$BeanPostProcessorChecker: Bean 'org.springframework.transaction.annotation.ProxyTransactionManagementConfiguration' of type [org.springframework.transaction.annotation.ProxyTransactionManagementConfiguration$$EnhancerBySpringCGLIB$$9da210a0] is not eligible for getting processed by all BeanPostProcessors (for example: not eligible for auto-proxying)
16:15:32.387 [ INFO] s.b.c.e.t.TomcatEmbeddedServletContainer: Tomcat initialized with port(s): 9010 (http)
16:15:32.398 [ INFO] o.a.coyote.http11.Http11NioProtocol     : Initializing ProtocolHandler ["http-nio-9010"]
16:15:32.408 [ INFO] o.apache.catalina.core.StandardService  : Starting service [Tomcat]
16:15:32.408 [ INFO] org.apache.catalina.core.StandardEngine : Starting Servlet Engine: Apache Tomcat/8.5.31
16:15:32.570 [ INFO] o.a.c.c.C.[Tomcat].[localhost].[/sell]  : Initializing Spring embedded WebApplicationContext
16:15:32.570 [ INFO] o.s.web.context.ContextLoader           : Root WebApplicationContext: initialization completed in 2511 ms
16:15:32.762 [ INFO] o.s.b.w.servlet.ServletRegistrationBean : Mapping servlet: 'dispatcherServlet' to [/]
16:15:32.766 [ INFO] o.s.b.w.servlet.FilterRegistrationBean  : Mapping filter: 'characterEncodingFilter' to: [/*]
16:15:32.766 [ INFO] o.s.b.w.servlet.FilterRegistrationBean  : Mapping filter: 'hiddenHttpMethodFilter' to: [/*]
16:15:32.766 [ INFO] o.s.b.w.servlet.FilterRegistrationBean  : Mapping filter: 'httpPutFormContentFilter' to: [/*]
16:15:32.766 [ INFO] o.s.b.w.servlet.FilterRegistrationBean  : Mapping filter: 'requestContextFilter' to: [/*]
16:15:33.402 [ INFO] j.LocalContainerEntityManagerFactoryBean: Building JPA container EntityManagerFactory for persistence unit 'default'
16:15:33.419 [ INFO] o.hibernate.jpa.internal.util.LogHelper : HHH000204: Processing PersistenceUnitInfo [
	name: default
	...]
16:15:33.536 [ INFO] org.hibernate.Version                   : HHH000412: Hibernate Core {5.0.12.Final}
16:15:33.538 [ INFO] org.hibernate.cfg.Environment           : HHH000206: hibernate.properties not found
16:15:33.539 [ INFO] org.hibernate.cfg.Environment           : HHH000021: Bytecode provider name : javassist
16:15:33.608 [ INFO] o.hibernate.annotations.common.Version  : HCANN000001: Hibernate Commons Annotations {5.0.1.Final}
16:15:33.781 [ INFO] org.hibernate.dialect.Dialect           : HHH000400: Using dialect: org.hibernate.dialect.MySQL5Dialect
16:15:34.341 [ INFO] j.LocalContainerEntityManagerFactoryBean: Initialized JPA EntityManagerFactory for persistence unit 'default'
16:15:34.920 [ INFO] s.w.s.m.m.a.RequestMappingHandlerAdapter: Looking for @ControllerAdvice: org.springframework.boot.context.embedded.AnnotationConfigEmbeddedWebApplicationContext@1283bb96: startup date [Fri Jun 15 16:15:30 CST 2018]; root of context hierarchy
16:15:34.974 [ INFO] s.w.s.m.m.a.RequestMappingHandlerMapping: Mapped "{[/buyer/order/create],methods=[POST]}" onto public com.zhenxin.sell.VO.ResultVO com.zhenxin.sell.controller.BuyerOrderController.create(com.zhenxin.sell.form.OrderForm,org.springframework.validation.BindingResult)
16:15:34.975 [ INFO] s.w.s.m.m.a.RequestMappingHandlerMapping: Mapped "{[/buyer/order/list],methods=[GET]}" onto public com.zhenxin.sell.VO.ResultVO com.zhenxin.sell.controller.BuyerOrderController.list(org.springframework.data.domain.Pageable,java.lang.String)
16:15:34.975 [ INFO] s.w.s.m.m.a.RequestMappingHandlerMapping: Mapped "{[/buyer/order/cancel],methods=[POST]}" onto public com.zhenxin.sell.VO.ResultVO com.zhenxin.sell.controller.BuyerOrderController.cancel(java.lang.String,java.lang.String)
16:15:34.976 [ INFO] s.w.s.m.m.a.RequestMappingHandlerMapping: Mapped "{[/buyer/order/detail],methods=[GET]}" onto public com.zhenxin.sell.VO.ResultVO com.zhenxin.sell.controller.BuyerOrderController.detail(java.lang.String,java.lang.String)
16:15:34.976 [ INFO] s.w.s.m.m.a.RequestMappingHandlerMapping: Mapped "{[/buyer/product/list],methods=[GET]}" onto public com.zhenxin.sell.VO.ResultVO com.zhenxin.sell.controller.BuyerProductController.list()
16:15:34.977 [ INFO] s.w.s.m.m.a.RequestMappingHandlerMapping: Mapped "{[/seller/order/list],methods=[GET]}" onto public java.lang.String com.zhenxin.sell.controller.SellerOrderController.list(org.springframework.data.domain.Pageable,org.springframework.ui.ModelMap)
16:15:34.977 [ INFO] s.w.s.m.m.a.RequestMappingHandlerMapping: Mapped "{[/seller/order/cancel],methods=[GET]}" onto public java.lang.String com.zhenxin.sell.controller.SellerOrderController.cancel(java.lang.String,org.springframework.ui.ModelMap)
16:15:34.977 [ INFO] s.w.s.m.m.a.RequestMappingHandlerMapping: Mapped "{[/seller/order/detail],methods=[GET]}" onto public java.lang.String com.zhenxin.sell.controller.SellerOrderController.detail(java.lang.String,org.springframework.ui.ModelMap)
16:15:34.979 [ INFO] s.w.s.m.m.a.RequestMappingHandlerMapping: Mapped "{[/error]}" onto public org.springframework.http.ResponseEntity<java.util.Map<java.lang.String, java.lang.Object>> org.springframework.boot.autoconfigure.web.BasicErrorController.error(javax.servlet.http.HttpServletRequest)
16:15:34.979 [ INFO] s.w.s.m.m.a.RequestMappingHandlerMapping: Mapped "{[/error],produces=[text/html]}" onto public org.springframework.web.servlet.ModelAndView org.springframework.boot.autoconfigure.web.BasicErrorController.errorHtml(javax.servlet.http.HttpServletRequest,javax.servlet.http.HttpServletResponse)
16:15:35.012 [ INFO] o.s.w.s.handler.SimpleUrlHandlerMapping : Mapped URL path [/webjars/**] onto handler of type [class org.springframework.web.servlet.resource.ResourceHttpRequestHandler]
16:15:35.012 [ INFO] o.s.w.s.handler.SimpleUrlHandlerMapping : Mapped URL path [/**] onto handler of type [class org.springframework.web.servlet.resource.ResourceHttpRequestHandler]
16:15:35.040 [ INFO] o.s.w.s.handler.SimpleUrlHandlerMapping : Mapped URL path [/**/favicon.ico] onto handler of type [class org.springframework.web.servlet.resource.ResourceHttpRequestHandler]
16:15:35.225 [ INFO] o.s.w.s.v.f.FreeMarkerConfigurer        : ClassTemplateLoader for Spring macros added to FreeMarker configuration
16:15:35.347 [ INFO] o.s.j.e.a.AnnotationMBeanExporter       : Registering beans for JMX exposure on startup
16:15:35.361 [ INFO] o.a.coyote.http11.Http11NioProtocol     : Starting ProtocolHandler ["http-nio-9010"]
16:15:35.382 [ INFO] o.a.tomcat.util.net.NioSelectorPool     : Using a shared selector for servlet write/read
16:15:35.406 [ INFO] s.b.c.e.t.TomcatEmbeddedServletContainer: Tomcat started on port(s): 9010 (http)
16:15:35.410 [ INFO] com.zhenxin.sell.SellApplication        : Started SellApplication in 6.095 seconds (JVM running for 7.378)
16:15:39.940 [ INFO] o.a.c.c.C.[Tomcat].[localhost].[/sell]  : Initializing Spring FrameworkServlet 'dispatcherServlet'
16:15:39.940 [ INFO] o.s.web.servlet.DispatcherServlet       : FrameworkServlet 'dispatcherServlet': initialization started
16:15:39.969 [ INFO] o.s.web.servlet.DispatcherServlet       : FrameworkServlet 'dispatcherServlet': initialization completed in 29 ms
16:15:40.030 [ INFO] o.h.h.i.QueryTranslatorFactoryInitiator : HHH000397: Using ASTQueryTranslatorFactory
16:38:19.940 [ INFO] com.zhenxin.sell.SellApplication        : Starting SellApplication on CN6CR552179X with PID 16584 (C:\Users\xzhen\Desktop\project\sell\target\classes started by xzhen in C:\Users\xzhen\Desktop\project\sell)
16:38:19.944 [ INFO] com.zhenxin.sell.SellApplication        : No active profile set, falling back to default profiles: default
16:38:20.015 [ INFO] ationConfigEmbeddedWebApplicationContext: Refreshing org.springframework.boot.context.embedded.AnnotationConfigEmbeddedWebApplicationContext@1283bb96: startup date [Fri Jun 15 16:38:20 CST 2018]; root of context hierarchy
16:38:20.191 [ INFO] o.h.validator.internal.util.Version     : HV000001: Hibernate Validator 5.3.6.Final
16:38:21.244 [ INFO] trationDelegate$BeanPostProcessorChecker: Bean 'org.springframework.transaction.annotation.ProxyTransactionManagementConfiguration' of type [org.springframework.transaction.annotation.ProxyTransactionManagementConfiguration$$EnhancerBySpringCGLIB$$8c737d0b] is not eligible for getting processed by all BeanPostProcessors (for example: not eligible for auto-proxying)
16:38:21.579 [ INFO] s.b.c.e.t.TomcatEmbeddedServletContainer: Tomcat initialized with port(s): 9010 (http)
16:38:21.592 [ INFO] o.a.coyote.http11.Http11NioProtocol     : Initializing ProtocolHandler ["http-nio-9010"]
16:38:21.600 [ INFO] o.apache.catalina.core.StandardService  : Starting service [Tomcat]
16:38:21.600 [ INFO] org.apache.catalina.core.StandardEngine : Starting Servlet Engine: Apache Tomcat/8.5.31
16:38:21.808 [ INFO] o.a.c.c.C.[Tomcat].[localhost].[/sell]  : Initializing Spring embedded WebApplicationContext
16:38:21.808 [ INFO] o.s.web.context.ContextLoader           : Root WebApplicationContext: initialization completed in 1793 ms
16:38:21.972 [ INFO] o.s.b.w.servlet.ServletRegistrationBean : Mapping servlet: 'dispatcherServlet' to [/]
16:38:21.975 [ INFO] o.s.b.w.servlet.FilterRegistrationBean  : Mapping filter: 'characterEncodingFilter' to: [/*]
16:38:21.976 [ INFO] o.s.b.w.servlet.FilterRegistrationBean  : Mapping filter: 'hiddenHttpMethodFilter' to: [/*]
16:38:21.976 [ INFO] o.s.b.w.servlet.FilterRegistrationBean  : Mapping filter: 'httpPutFormContentFilter' to: [/*]
16:38:21.976 [ INFO] o.s.b.w.servlet.FilterRegistrationBean  : Mapping filter: 'requestContextFilter' to: [/*]
16:38:22.526 [ INFO] j.LocalContainerEntityManagerFactoryBean: Building JPA container EntityManagerFactory for persistence unit 'default'
16:38:22.537 [ INFO] o.hibernate.jpa.internal.util.LogHelper : HHH000204: Processing PersistenceUnitInfo [
	name: default
	...]
16:38:22.592 [ INFO] org.hibernate.Version                   : HHH000412: Hibernate Core {5.0.12.Final}
16:38:22.593 [ INFO] org.hibernate.cfg.Environment           : HHH000206: hibernate.properties not found
16:38:22.594 [ INFO] org.hibernate.cfg.Environment           : HHH000021: Bytecode provider name : javassist
16:38:22.630 [ INFO] o.hibernate.annotations.common.Version  : HCANN000001: Hibernate Commons Annotations {5.0.1.Final}
16:38:22.764 [ INFO] org.hibernate.dialect.Dialect           : HHH000400: Using dialect: org.hibernate.dialect.MySQL5Dialect
16:38:23.245 [ INFO] j.LocalContainerEntityManagerFactoryBean: Initialized JPA EntityManagerFactory for persistence unit 'default'
16:38:23.752 [ INFO] s.w.s.m.m.a.RequestMappingHandlerAdapter: Looking for @ControllerAdvice: org.springframework.boot.context.embedded.AnnotationConfigEmbeddedWebApplicationContext@1283bb96: startup date [Fri Jun 15 16:38:20 CST 2018]; root of context hierarchy
16:38:23.805 [ INFO] s.w.s.m.m.a.RequestMappingHandlerMapping: Mapped "{[/buyer/order/create],methods=[POST]}" onto public com.zhenxin.sell.VO.ResultVO com.zhenxin.sell.controller.BuyerOrderController.create(com.zhenxin.sell.form.OrderForm,org.springframework.validation.BindingResult)
16:38:23.805 [ INFO] s.w.s.m.m.a.RequestMappingHandlerMapping: Mapped "{[/buyer/order/list],methods=[GET]}" onto public com.zhenxin.sell.VO.ResultVO com.zhenxin.sell.controller.BuyerOrderController.list(org.springframework.data.domain.Pageable,java.lang.String)
16:38:23.806 [ INFO] s.w.s.m.m.a.RequestMappingHandlerMapping: Mapped "{[/buyer/order/cancel],methods=[POST]}" onto public com.zhenxin.sell.VO.ResultVO com.zhenxin.sell.controller.BuyerOrderController.cancel(java.lang.String,java.lang.String)
16:38:23.806 [ INFO] s.w.s.m.m.a.RequestMappingHandlerMapping: Mapped "{[/buyer/order/detail],methods=[GET]}" onto public com.zhenxin.sell.VO.ResultVO com.zhenxin.sell.controller.BuyerOrderController.detail(java.lang.String,java.lang.String)
16:38:23.806 [ INFO] s.w.s.m.m.a.RequestMappingHandlerMapping: Mapped "{[/buyer/product/list],methods=[GET]}" onto public com.zhenxin.sell.VO.ResultVO com.zhenxin.sell.controller.BuyerProductController.list()
16:38:23.807 [ INFO] s.w.s.m.m.a.RequestMappingHandlerMapping: Mapped "{[/seller/order/list],methods=[GET]}" onto public java.lang.String com.zhenxin.sell.controller.SellerOrderController.list(org.springframework.data.domain.Pageable,org.springframework.ui.ModelMap)
16:38:23.807 [ INFO] s.w.s.m.m.a.RequestMappingHandlerMapping: Mapped "{[/seller/order/cancel],methods=[GET]}" onto public java.lang.String com.zhenxin.sell.controller.SellerOrderController.cancel(java.lang.String,org.springframework.ui.ModelMap)
16:38:23.807 [ INFO] s.w.s.m.m.a.RequestMappingHandlerMapping: Mapped "{[/seller/order/detail],methods=[GET]}" onto public java.lang.String com.zhenxin.sell.controller.SellerOrderController.detail(java.lang.String,org.springframework.ui.ModelMap)
16:38:23.808 [ INFO] s.w.s.m.m.a.RequestMappingHandlerMapping: Mapped "{[/seller/order/finish],methods=[GET]}" onto public java.lang.String com.zhenxin.sell.controller.SellerOrderController.finish(java.lang.String,org.springframework.ui.ModelMap)
16:38:23.809 [ INFO] s.w.s.m.m.a.RequestMappingHandlerMapping: Mapped "{[/error]}" onto public org.springframework.http.ResponseEntity<java.util.Map<java.lang.String, java.lang.Object>> org.springframework.boot.autoconfigure.web.BasicErrorController.error(javax.servlet.http.HttpServletRequest)
16:38:23.809 [ INFO] s.w.s.m.m.a.RequestMappingHandlerMapping: Mapped "{[/error],produces=[text/html]}" onto public org.springframework.web.servlet.ModelAndView org.springframework.boot.autoconfigure.web.BasicErrorController.errorHtml(javax.servlet.http.HttpServletRequest,javax.servlet.http.HttpServletResponse)
16:38:23.832 [ INFO] o.s.w.s.handler.SimpleUrlHandlerMapping : Mapped URL path [/webjars/**] onto handler of type [class org.springframework.web.servlet.resource.ResourceHttpRequestHandler]
16:38:23.832 [ INFO] o.s.w.s.handler.SimpleUrlHandlerMapping : Mapped URL path [/**] onto handler of type [class org.springframework.web.servlet.resource.ResourceHttpRequestHandler]
16:38:23.861 [ INFO] o.s.w.s.handler.SimpleUrlHandlerMapping : Mapped URL path [/**/favicon.ico] onto handler of type [class org.springframework.web.servlet.resource.ResourceHttpRequestHandler]
16:38:24.043 [ INFO] o.s.w.s.v.f.FreeMarkerConfigurer        : ClassTemplateLoader for Spring macros added to FreeMarker configuration
16:38:24.180 [ INFO] o.s.j.e.a.AnnotationMBeanExporter       : Registering beans for JMX exposure on startup
16:38:24.191 [ INFO] o.a.coyote.http11.Http11NioProtocol     : Starting ProtocolHandler ["http-nio-9010"]
16:38:24.211 [ INFO] o.a.tomcat.util.net.NioSelectorPool     : Using a shared selector for servlet write/read
16:38:24.238 [ INFO] s.b.c.e.t.TomcatEmbeddedServletContainer: Tomcat started on port(s): 9010 (http)
16:38:24.243 [ INFO] com.zhenxin.sell.SellApplication        : Started SellApplication in 4.964 seconds (JVM running for 6.131)
16:38:33.446 [ INFO] o.a.c.c.C.[Tomcat].[localhost].[/sell]  : Initializing Spring FrameworkServlet 'dispatcherServlet'
16:38:33.446 [ INFO] o.s.web.servlet.DispatcherServlet       : FrameworkServlet 'dispatcherServlet': initialization started
16:38:33.474 [ INFO] o.s.web.servlet.DispatcherServlet       : FrameworkServlet 'dispatcherServlet': initialization completed in 28 ms
16:38:33.567 [ INFO] o.h.h.i.QueryTranslatorFactoryInitiator : HHH000397: Using ASTQueryTranslatorFactory
16:49:53.745 [ INFO] com.zhenxin.sell.SellApplication        : Starting SellApplication on CN6CR552179X with PID 9248 (C:\Users\xzhen\Desktop\project\sell\target\classes started by xzhen in C:\Users\xzhen\Desktop\project\sell)
16:49:53.748 [ INFO] com.zhenxin.sell.SellApplication        : No active profile set, falling back to default profiles: default
16:49:53.823 [ INFO] ationConfigEmbeddedWebApplicationContext: Refreshing org.springframework.boot.context.embedded.AnnotationConfigEmbeddedWebApplicationContext@74f0ea28: startup date [Fri Jun 15 16:49:53 CST 2018]; root of context hierarchy
16:49:53.953 [ INFO] o.h.validator.internal.util.Version     : HV000001: Hibernate Validator 5.3.6.Final
16:49:55.353 [ INFO] trationDelegate$BeanPostProcessorChecker: Bean 'org.springframework.transaction.annotation.ProxyTransactionManagementConfiguration' of type [org.springframework.transaction.annotation.ProxyTransactionManagementConfiguration$$EnhancerBySpringCGLIB$$cd16ab20] is not eligible for getting processed by all BeanPostProcessors (for example: not eligible for auto-proxying)
16:49:55.780 [ INFO] s.b.c.e.t.TomcatEmbeddedServletContainer: Tomcat initialized with port(s): 9010 (http)
16:49:55.793 [ INFO] o.a.coyote.http11.Http11NioProtocol     : Initializing ProtocolHandler ["http-nio-9010"]
16:49:55.806 [ INFO] o.apache.catalina.core.StandardService  : Starting service [Tomcat]
16:49:55.806 [ INFO] org.apache.catalina.core.StandardEngine : Starting Servlet Engine: Apache Tomcat/8.5.31
16:49:55.968 [ INFO] o.a.c.c.C.[Tomcat].[localhost].[/sell]  : Initializing Spring embedded WebApplicationContext
16:49:55.968 [ INFO] o.s.web.context.ContextLoader           : Root WebApplicationContext: initialization completed in 2145 ms
16:49:56.172 [ INFO] o.s.b.w.servlet.ServletRegistrationBean : Mapping servlet: 'dispatcherServlet' to [/]
16:49:56.176 [ INFO] o.s.b.w.servlet.FilterRegistrationBean  : Mapping filter: 'characterEncodingFilter' to: [/*]
16:49:56.177 [ INFO] o.s.b.w.servlet.FilterRegistrationBean  : Mapping filter: 'hiddenHttpMethodFilter' to: [/*]
16:49:56.177 [ INFO] o.s.b.w.servlet.FilterRegistrationBean  : Mapping filter: 'httpPutFormContentFilter' to: [/*]
16:49:56.177 [ INFO] o.s.b.w.servlet.FilterRegistrationBean  : Mapping filter: 'requestContextFilter' to: [/*]
16:49:56.953 [ INFO] j.LocalContainerEntityManagerFactoryBean: Building JPA container EntityManagerFactory for persistence unit 'default'
16:49:56.965 [ INFO] o.hibernate.jpa.internal.util.LogHelper : HHH000204: Processing PersistenceUnitInfo [
	name: default
	...]
16:49:57.036 [ INFO] org.hibernate.Version                   : HHH000412: Hibernate Core {5.0.12.Final}
16:49:57.037 [ INFO] org.hibernate.cfg.Environment           : HHH000206: hibernate.properties not found
16:49:57.039 [ INFO] org.hibernate.cfg.Environment           : HHH000021: Bytecode provider name : javassist
16:49:57.081 [ INFO] o.hibernate.annotations.common.Version  : HCANN000001: Hibernate Commons Annotations {5.0.1.Final}
16:49:57.223 [ INFO] org.hibernate.dialect.Dialect           : HHH000400: Using dialect: org.hibernate.dialect.MySQL5Dialect
16:49:57.700 [ INFO] j.LocalContainerEntityManagerFactoryBean: Initialized JPA EntityManagerFactory for persistence unit 'default'
16:49:58.202 [ INFO] s.w.s.m.m.a.RequestMappingHandlerAdapter: Looking for @ControllerAdvice: org.springframework.boot.context.embedded.AnnotationConfigEmbeddedWebApplicationContext@74f0ea28: startup date [Fri Jun 15 16:49:53 CST 2018]; root of context hierarchy
16:49:58.257 [ INFO] s.w.s.m.m.a.RequestMappingHandlerMapping: Mapped "{[/buyer/order/create],methods=[POST]}" onto public com.zhenxin.sell.VO.ResultVO com.zhenxin.sell.controller.BuyerOrderController.create(com.zhenxin.sell.form.OrderForm,org.springframework.validation.BindingResult)
16:49:58.258 [ INFO] s.w.s.m.m.a.RequestMappingHandlerMapping: Mapped "{[/buyer/order/list],methods=[GET]}" onto public com.zhenxin.sell.VO.ResultVO com.zhenxin.sell.controller.BuyerOrderController.list(org.springframework.data.domain.Pageable,java.lang.String)
16:49:58.259 [ INFO] s.w.s.m.m.a.RequestMappingHandlerMapping: Mapped "{[/buyer/order/cancel],methods=[POST]}" onto public com.zhenxin.sell.VO.ResultVO com.zhenxin.sell.controller.BuyerOrderController.cancel(java.lang.String,java.lang.String)
16:49:58.259 [ INFO] s.w.s.m.m.a.RequestMappingHandlerMapping: Mapped "{[/buyer/order/detail],methods=[GET]}" onto public com.zhenxin.sell.VO.ResultVO com.zhenxin.sell.controller.BuyerOrderController.detail(java.lang.String,java.lang.String)
16:49:58.260 [ INFO] s.w.s.m.m.a.RequestMappingHandlerMapping: Mapped "{[/buyer/product/list],methods=[GET]}" onto public com.zhenxin.sell.VO.ResultVO com.zhenxin.sell.controller.BuyerProductController.list()
16:49:58.261 [ INFO] s.w.s.m.m.a.RequestMappingHandlerMapping: Mapped "{[/seller/order/list],methods=[GET]}" onto public java.lang.String com.zhenxin.sell.controller.SellerOrderController.list(org.springframework.data.domain.Pageable,org.springframework.ui.ModelMap)
16:49:58.262 [ INFO] s.w.s.m.m.a.RequestMappingHandlerMapping: Mapped "{[/seller/order/cancel],methods=[GET]}" onto public java.lang.String com.zhenxin.sell.controller.SellerOrderController.cancel(java.lang.String,org.springframework.ui.ModelMap)
16:49:58.262 [ INFO] s.w.s.m.m.a.RequestMappingHandlerMapping: Mapped "{[/seller/order/detail],methods=[GET]}" onto public java.lang.String com.zhenxin.sell.controller.SellerOrderController.detail(java.lang.String,org.springframework.ui.ModelMap)
16:49:58.262 [ INFO] s.w.s.m.m.a.RequestMappingHandlerMapping: Mapped "{[/seller/order/finish],methods=[GET]}" onto public java.lang.String com.zhenxin.sell.controller.SellerOrderController.finish(java.lang.String,org.springframework.ui.ModelMap)
16:49:58.263 [ INFO] s.w.s.m.m.a.RequestMappingHandlerMapping: Mapped "{[/error]}" onto public org.springframework.http.ResponseEntity<java.util.Map<java.lang.String, java.lang.Object>> org.springframework.boot.autoconfigure.web.BasicErrorController.error(javax.servlet.http.HttpServletRequest)
16:49:58.264 [ INFO] s.w.s.m.m.a.RequestMappingHandlerMapping: Mapped "{[/error],produces=[text/html]}" onto public org.springframework.web.servlet.ModelAndView org.springframework.boot.autoconfigure.web.BasicErrorController.errorHtml(javax.servlet.http.HttpServletRequest,javax.servlet.http.HttpServletResponse)
16:49:58.289 [ INFO] o.s.w.s.handler.SimpleUrlHandlerMapping : Mapped URL path [/webjars/**] onto handler of type [class org.springframework.web.servlet.resource.ResourceHttpRequestHandler]
16:49:58.289 [ INFO] o.s.w.s.handler.SimpleUrlHandlerMapping : Mapped URL path [/**] onto handler of type [class org.springframework.web.servlet.resource.ResourceHttpRequestHandler]
16:49:58.319 [ INFO] o.s.w.s.handler.SimpleUrlHandlerMapping : Mapped URL path [/**/favicon.ico] onto handler of type [class org.springframework.web.servlet.resource.ResourceHttpRequestHandler]
16:49:58.532 [ INFO] o.s.w.s.v.f.FreeMarkerConfigurer        : ClassTemplateLoader for Spring macros added to FreeMarker configuration
16:49:58.643 [ INFO] o.s.j.e.a.AnnotationMBeanExporter       : Registering beans for JMX exposure on startup
16:49:58.655 [ INFO] o.a.coyote.http11.Http11NioProtocol     : Starting ProtocolHandler ["http-nio-9010"]
16:49:58.675 [ INFO] o.a.tomcat.util.net.NioSelectorPool     : Using a shared selector for servlet write/read
16:49:58.701 [ INFO] s.b.c.e.t.TomcatEmbeddedServletContainer: Tomcat started on port(s): 9010 (http)
16:49:58.705 [ INFO] com.zhenxin.sell.SellApplication        : Started SellApplication in 5.771 seconds (JVM running for 6.81)
16:50:08.463 [ INFO] o.a.c.c.C.[Tomcat].[localhost].[/sell]  : Initializing Spring FrameworkServlet 'dispatcherServlet'
16:50:08.464 [ INFO] o.s.web.servlet.DispatcherServlet       : FrameworkServlet 'dispatcherServlet': initialization started
16:50:08.490 [ INFO] o.s.web.servlet.DispatcherServlet       : FrameworkServlet 'dispatcherServlet': initialization completed in 26 ms
16:50:08.546 [ INFO] o.h.h.i.QueryTranslatorFactoryInitiator : HHH000397: Using ASTQueryTranslatorFactory
16:52:43.429 [ INFO] com.zhenxin.sell.SellApplication        : Starting SellApplication on CN6CR552179X with PID 16620 (C:\Users\xzhen\Desktop\project\sell\target\classes started by xzhen in C:\Users\xzhen\Desktop\project\sell)
16:52:43.434 [ INFO] com.zhenxin.sell.SellApplication        : No active profile set, falling back to default profiles: default
16:52:43.498 [ INFO] ationConfigEmbeddedWebApplicationContext: Refreshing org.springframework.boot.context.embedded.AnnotationConfigEmbeddedWebApplicationContext@74f0ea28: startup date [Fri Jun 15 16:52:43 CST 2018]; root of context hierarchy
16:52:43.697 [ INFO] o.h.validator.internal.util.Version     : HV000001: Hibernate Validator 5.3.6.Final
16:52:44.806 [ INFO] trationDelegate$BeanPostProcessorChecker: Bean 'org.springframework.transaction.annotation.ProxyTransactionManagementConfiguration' of type [org.springframework.transaction.annotation.ProxyTransactionManagementConfiguration$$EnhancerBySpringCGLIB$$7baa8a1b] is not eligible for getting processed by all BeanPostProcessors (for example: not eligible for auto-proxying)
16:52:45.183 [ INFO] s.b.c.e.t.TomcatEmbeddedServletContainer: Tomcat initialized with port(s): 9010 (http)
16:52:45.196 [ INFO] o.a.coyote.http11.Http11NioProtocol     : Initializing ProtocolHandler ["http-nio-9010"]
16:52:45.207 [ INFO] o.apache.catalina.core.StandardService  : Starting service [Tomcat]
16:52:45.207 [ INFO] org.apache.catalina.core.StandardEngine : Starting Servlet Engine: Apache Tomcat/8.5.31
16:52:45.351 [ INFO] o.a.c.c.C.[Tomcat].[localhost].[/sell]  : Initializing Spring embedded WebApplicationContext
16:52:45.351 [ INFO] o.s.web.context.ContextLoader           : Root WebApplicationContext: initialization completed in 1854 ms
16:52:45.530 [ INFO] o.s.b.w.servlet.ServletRegistrationBean : Mapping servlet: 'dispatcherServlet' to [/]
16:52:45.534 [ INFO] o.s.b.w.servlet.FilterRegistrationBean  : Mapping filter: 'characterEncodingFilter' to: [/*]
16:52:45.535 [ INFO] o.s.b.w.servlet.FilterRegistrationBean  : Mapping filter: 'hiddenHttpMethodFilter' to: [/*]
16:52:45.535 [ INFO] o.s.b.w.servlet.FilterRegistrationBean  : Mapping filter: 'httpPutFormContentFilter' to: [/*]
16:52:45.535 [ INFO] o.s.b.w.servlet.FilterRegistrationBean  : Mapping filter: 'requestContextFilter' to: [/*]
16:52:46.173 [ INFO] j.LocalContainerEntityManagerFactoryBean: Building JPA container EntityManagerFactory for persistence unit 'default'
16:52:46.189 [ INFO] o.hibernate.jpa.internal.util.LogHelper : HHH000204: Processing PersistenceUnitInfo [
	name: default
	...]
16:52:46.285 [ INFO] org.hibernate.Version                   : HHH000412: Hibernate Core {5.0.12.Final}
16:52:46.287 [ INFO] org.hibernate.cfg.Environment           : HHH000206: hibernate.properties not found
16:52:46.288 [ INFO] org.hibernate.cfg.Environment           : HHH000021: Bytecode provider name : javassist
16:52:46.341 [ INFO] o.hibernate.annotations.common.Version  : HCANN000001: Hibernate Commons Annotations {5.0.1.Final}
16:52:46.505 [ INFO] org.hibernate.dialect.Dialect           : HHH000400: Using dialect: org.hibernate.dialect.MySQL5Dialect
16:52:46.954 [ INFO] j.LocalContainerEntityManagerFactoryBean: Initialized JPA EntityManagerFactory for persistence unit 'default'
16:52:47.482 [ INFO] s.w.s.m.m.a.RequestMappingHandlerAdapter: Looking for @ControllerAdvice: org.springframework.boot.context.embedded.AnnotationConfigEmbeddedWebApplicationContext@74f0ea28: startup date [Fri Jun 15 16:52:43 CST 2018]; root of context hierarchy
16:52:47.537 [ INFO] s.w.s.m.m.a.RequestMappingHandlerMapping: Mapped "{[/buyer/order/create],methods=[POST]}" onto public com.zhenxin.sell.VO.ResultVO com.zhenxin.sell.controller.BuyerOrderController.create(com.zhenxin.sell.form.OrderForm,org.springframework.validation.BindingResult)
16:52:47.538 [ INFO] s.w.s.m.m.a.RequestMappingHandlerMapping: Mapped "{[/buyer/order/list],methods=[GET]}" onto public com.zhenxin.sell.VO.ResultVO com.zhenxin.sell.controller.BuyerOrderController.list(org.springframework.data.domain.Pageable,java.lang.String)
16:52:47.538 [ INFO] s.w.s.m.m.a.RequestMappingHandlerMapping: Mapped "{[/buyer/order/detail],methods=[GET]}" onto public com.zhenxin.sell.VO.ResultVO com.zhenxin.sell.controller.BuyerOrderController.detail(java.lang.String,java.lang.String)
16:52:47.538 [ INFO] s.w.s.m.m.a.RequestMappingHandlerMapping: Mapped "{[/buyer/order/cancel],methods=[POST]}" onto public com.zhenxin.sell.VO.ResultVO com.zhenxin.sell.controller.BuyerOrderController.cancel(java.lang.String,java.lang.String)
16:52:47.538 [ INFO] s.w.s.m.m.a.RequestMappingHandlerMapping: Mapped "{[/buyer/product/list],methods=[GET]}" onto public com.zhenxin.sell.VO.ResultVO com.zhenxin.sell.controller.BuyerProductController.list()
16:52:47.539 [ INFO] s.w.s.m.m.a.RequestMappingHandlerMapping: Mapped "{[/seller/order/list],methods=[GET]}" onto public java.lang.String com.zhenxin.sell.controller.SellerOrderController.list(org.springframework.data.domain.Pageable,org.springframework.ui.ModelMap)
16:52:47.540 [ INFO] s.w.s.m.m.a.RequestMappingHandlerMapping: Mapped "{[/seller/order/detail],methods=[GET]}" onto public java.lang.String com.zhenxin.sell.controller.SellerOrderController.detail(java.lang.String,org.springframework.ui.ModelMap)
16:52:47.540 [ INFO] s.w.s.m.m.a.RequestMappingHandlerMapping: Mapped "{[/seller/order/cancel],methods=[GET]}" onto public java.lang.String com.zhenxin.sell.controller.SellerOrderController.cancel(java.lang.String,org.springframework.ui.ModelMap)
16:52:47.540 [ INFO] s.w.s.m.m.a.RequestMappingHandlerMapping: Mapped "{[/seller/order/finish],methods=[GET]}" onto public java.lang.String com.zhenxin.sell.controller.SellerOrderController.finish(java.lang.String,org.springframework.ui.ModelMap)
16:52:47.542 [ INFO] s.w.s.m.m.a.RequestMappingHandlerMapping: Mapped "{[/error]}" onto public org.springframework.http.ResponseEntity<java.util.Map<java.lang.String, java.lang.Object>> org.springframework.boot.autoconfigure.web.BasicErrorController.error(javax.servlet.http.HttpServletRequest)
16:52:47.542 [ INFO] s.w.s.m.m.a.RequestMappingHandlerMapping: Mapped "{[/error],produces=[text/html]}" onto public org.springframework.web.servlet.ModelAndView org.springframework.boot.autoconfigure.web.BasicErrorController.errorHtml(javax.servlet.http.HttpServletRequest,javax.servlet.http.HttpServletResponse)
16:52:47.567 [ INFO] o.s.w.s.handler.SimpleUrlHandlerMapping : Mapped URL path [/webjars/**] onto handler of type [class org.springframework.web.servlet.resource.ResourceHttpRequestHandler]
16:52:47.567 [ INFO] o.s.w.s.handler.SimpleUrlHandlerMapping : Mapped URL path [/**] onto handler of type [class org.springframework.web.servlet.resource.ResourceHttpRequestHandler]
16:52:47.614 [ INFO] o.s.w.s.handler.SimpleUrlHandlerMapping : Mapped URL path [/**/favicon.ico] onto handler of type [class org.springframework.web.servlet.resource.ResourceHttpRequestHandler]
16:52:47.805 [ INFO] o.s.w.s.v.f.FreeMarkerConfigurer        : ClassTemplateLoader for Spring macros added to FreeMarker configuration
16:52:47.929 [ INFO] o.s.j.e.a.AnnotationMBeanExporter       : Registering beans for JMX exposure on startup
16:52:47.942 [ INFO] o.a.coyote.http11.Http11NioProtocol     : Starting ProtocolHandler ["http-nio-9010"]
16:52:47.964 [ INFO] o.a.tomcat.util.net.NioSelectorPool     : Using a shared selector for servlet write/read
16:52:47.995 [ INFO] s.b.c.e.t.TomcatEmbeddedServletContainer: Tomcat started on port(s): 9010 (http)
16:52:47.999 [ INFO] com.zhenxin.sell.SellApplication        : Started SellApplication in 5.355 seconds (JVM running for 6.36)
16:52:51.318 [ INFO] o.a.c.c.C.[Tomcat].[localhost].[/sell]  : Initializing Spring FrameworkServlet 'dispatcherServlet'
16:52:51.318 [ INFO] o.s.web.servlet.DispatcherServlet       : FrameworkServlet 'dispatcherServlet': initialization started
16:52:51.345 [ INFO] o.s.web.servlet.DispatcherServlet       : FrameworkServlet 'dispatcherServlet': initialization completed in 27 ms
16:52:51.515 [ INFO] o.h.h.i.QueryTranslatorFactoryInitiator : HHH000397: Using ASTQueryTranslatorFactory
16:53:40.326 [ INFO] com.zhenxin.sell.SellApplication        : Starting SellApplication on CN6CR552179X with PID 14968 (C:\Users\xzhen\Desktop\project\sell\target\classes started by xzhen in C:\Users\xzhen\Desktop\project\sell)
16:53:40.342 [ INFO] com.zhenxin.sell.SellApplication        : No active profile set, falling back to default profiles: default
16:53:40.444 [ INFO] ationConfigEmbeddedWebApplicationContext: Refreshing org.springframework.boot.context.embedded.AnnotationConfigEmbeddedWebApplicationContext@1283bb96: startup date [Fri Jun 15 16:53:40 CST 2018]; root of context hierarchy
16:53:40.675 [ INFO] o.h.validator.internal.util.Version     : HV000001: Hibernate Validator 5.3.6.Final
16:53:41.799 [ INFO] trationDelegate$BeanPostProcessorChecker: Bean 'org.springframework.transaction.annotation.ProxyTransactionManagementConfiguration' of type [org.springframework.transaction.annotation.ProxyTransactionManagementConfiguration$$EnhancerBySpringCGLIB$$247f80ae] is not eligible for getting processed by all BeanPostProcessors (for example: not eligible for auto-proxying)
16:53:42.198 [ INFO] s.b.c.e.t.TomcatEmbeddedServletContainer: Tomcat initialized with port(s): 9010 (http)
16:53:42.210 [ INFO] o.a.coyote.http11.Http11NioProtocol     : Initializing ProtocolHandler ["http-nio-9010"]
16:53:42.220 [ INFO] o.apache.catalina.core.StandardService  : Starting service [Tomcat]
16:53:42.220 [ INFO] org.apache.catalina.core.StandardEngine : Starting Servlet Engine: Apache Tomcat/8.5.31
16:53:42.350 [ INFO] o.a.c.c.C.[Tomcat].[localhost].[/sell]  : Initializing Spring embedded WebApplicationContext
16:53:42.350 [ INFO] o.s.web.context.ContextLoader           : Root WebApplicationContext: initialization completed in 1906 ms
16:53:42.530 [ INFO] o.s.b.w.servlet.ServletRegistrationBean : Mapping servlet: 'dispatcherServlet' to [/]
16:53:42.533 [ INFO] o.s.b.w.servlet.FilterRegistrationBean  : Mapping filter: 'characterEncodingFilter' to: [/*]
16:53:42.534 [ INFO] o.s.b.w.servlet.FilterRegistrationBean  : Mapping filter: 'hiddenHttpMethodFilter' to: [/*]
16:53:42.534 [ INFO] o.s.b.w.servlet.FilterRegistrationBean  : Mapping filter: 'httpPutFormContentFilter' to: [/*]
16:53:42.534 [ INFO] o.s.b.w.servlet.FilterRegistrationBean  : Mapping filter: 'requestContextFilter' to: [/*]
16:53:43.147 [ INFO] j.LocalContainerEntityManagerFactoryBean: Building JPA container EntityManagerFactory for persistence unit 'default'
16:53:43.160 [ INFO] o.hibernate.jpa.internal.util.LogHelper : HHH000204: Processing PersistenceUnitInfo [
	name: default
	...]
16:53:43.219 [ INFO] org.hibernate.Version                   : HHH000412: Hibernate Core {5.0.12.Final}
16:53:43.220 [ INFO] org.hibernate.cfg.Environment           : HHH000206: hibernate.properties not found
16:53:43.221 [ INFO] org.hibernate.cfg.Environment           : HHH000021: Bytecode provider name : javassist
16:53:43.272 [ INFO] o.hibernate.annotations.common.Version  : HCANN000001: Hibernate Commons Annotations {5.0.1.Final}
16:53:43.403 [ INFO] org.hibernate.dialect.Dialect           : HHH000400: Using dialect: org.hibernate.dialect.MySQL5Dialect
16:53:43.857 [ INFO] j.LocalContainerEntityManagerFactoryBean: Initialized JPA EntityManagerFactory for persistence unit 'default'
16:53:44.431 [ INFO] s.w.s.m.m.a.RequestMappingHandlerAdapter: Looking for @ControllerAdvice: org.springframework.boot.context.embedded.AnnotationConfigEmbeddedWebApplicationContext@1283bb96: startup date [Fri Jun 15 16:53:40 CST 2018]; root of context hierarchy
16:53:44.507 [ INFO] s.w.s.m.m.a.RequestMappingHandlerMapping: Mapped "{[/buyer/order/create],methods=[POST]}" onto public com.zhenxin.sell.VO.ResultVO com.zhenxin.sell.controller.BuyerOrderController.create(com.zhenxin.sell.form.OrderForm,org.springframework.validation.BindingResult)
16:53:44.508 [ INFO] s.w.s.m.m.a.RequestMappingHandlerMapping: Mapped "{[/buyer/order/list],methods=[GET]}" onto public com.zhenxin.sell.VO.ResultVO com.zhenxin.sell.controller.BuyerOrderController.list(org.springframework.data.domain.Pageable,java.lang.String)
16:53:44.508 [ INFO] s.w.s.m.m.a.RequestMappingHandlerMapping: Mapped "{[/buyer/order/cancel],methods=[POST]}" onto public com.zhenxin.sell.VO.ResultVO com.zhenxin.sell.controller.BuyerOrderController.cancel(java.lang.String,java.lang.String)
16:53:44.508 [ INFO] s.w.s.m.m.a.RequestMappingHandlerMapping: Mapped "{[/buyer/order/detail],methods=[GET]}" onto public com.zhenxin.sell.VO.ResultVO com.zhenxin.sell.controller.BuyerOrderController.detail(java.lang.String,java.lang.String)
16:53:44.508 [ INFO] s.w.s.m.m.a.RequestMappingHandlerMapping: Mapped "{[/buyer/product/list],methods=[GET]}" onto public com.zhenxin.sell.VO.ResultVO com.zhenxin.sell.controller.BuyerProductController.list()
16:53:44.509 [ INFO] s.w.s.m.m.a.RequestMappingHandlerMapping: Mapped "{[/seller/order/list],methods=[GET]}" onto public java.lang.String com.zhenxin.sell.controller.SellerOrderController.list(org.springframework.data.domain.Pageable,org.springframework.ui.ModelMap)
16:53:44.509 [ INFO] s.w.s.m.m.a.RequestMappingHandlerMapping: Mapped "{[/seller/order/finish],methods=[GET]}" onto public java.lang.String com.zhenxin.sell.controller.SellerOrderController.finish(java.lang.String,org.springframework.ui.ModelMap)
16:53:44.510 [ INFO] s.w.s.m.m.a.RequestMappingHandlerMapping: Mapped "{[/seller/order/cancel],methods=[GET]}" onto public java.lang.String com.zhenxin.sell.controller.SellerOrderController.cancel(java.lang.String,org.springframework.ui.ModelMap)
16:53:44.510 [ INFO] s.w.s.m.m.a.RequestMappingHandlerMapping: Mapped "{[/seller/order/detail],methods=[GET]}" onto public java.lang.String com.zhenxin.sell.controller.SellerOrderController.detail(java.lang.String,org.springframework.ui.ModelMap)
16:53:44.511 [ INFO] s.w.s.m.m.a.RequestMappingHandlerMapping: Mapped "{[/error]}" onto public org.springframework.http.ResponseEntity<java.util.Map<java.lang.String, java.lang.Object>> org.springframework.boot.autoconfigure.web.BasicErrorController.error(javax.servlet.http.HttpServletRequest)
16:53:44.512 [ INFO] s.w.s.m.m.a.RequestMappingHandlerMapping: Mapped "{[/error],produces=[text/html]}" onto public org.springframework.web.servlet.ModelAndView org.springframework.boot.autoconfigure.web.BasicErrorController.errorHtml(javax.servlet.http.HttpServletRequest,javax.servlet.http.HttpServletResponse)
16:53:44.538 [ INFO] o.s.w.s.handler.SimpleUrlHandlerMapping : Mapped URL path [/webjars/**] onto handler of type [class org.springframework.web.servlet.resource.ResourceHttpRequestHandler]
16:53:44.538 [ INFO] o.s.w.s.handler.SimpleUrlHandlerMapping : Mapped URL path [/**] onto handler of type [class org.springframework.web.servlet.resource.ResourceHttpRequestHandler]
16:53:44.571 [ INFO] o.s.w.s.handler.SimpleUrlHandlerMapping : Mapped URL path [/**/favicon.ico] onto handler of type [class org.springframework.web.servlet.resource.ResourceHttpRequestHandler]
16:53:44.790 [ INFO] o.s.w.s.v.f.FreeMarkerConfigurer        : ClassTemplateLoader for Spring macros added to FreeMarker configuration
16:53:44.969 [ INFO] o.s.j.e.a.AnnotationMBeanExporter       : Registering beans for JMX exposure on startup
16:53:44.984 [ INFO] o.a.coyote.http11.Http11NioProtocol     : Starting ProtocolHandler ["http-nio-9010"]
16:53:45.012 [ INFO] o.a.tomcat.util.net.NioSelectorPool     : Using a shared selector for servlet write/read
16:53:45.045 [ INFO] s.b.c.e.t.TomcatEmbeddedServletContainer: Tomcat started on port(s): 9010 (http)
16:53:45.051 [ INFO] com.zhenxin.sell.SellApplication        : Started SellApplication in 5.341 seconds (JVM running for 6.246)
16:53:49.694 [ INFO] o.a.c.c.C.[Tomcat].[localhost].[/sell]  : Initializing Spring FrameworkServlet 'dispatcherServlet'
16:53:49.694 [ INFO] o.s.web.servlet.DispatcherServlet       : FrameworkServlet 'dispatcherServlet': initialization started
16:53:49.724 [ INFO] o.s.web.servlet.DispatcherServlet       : FrameworkServlet 'dispatcherServlet': initialization completed in 30 ms
16:53:49.863 [ INFO] o.h.h.i.QueryTranslatorFactoryInitiator : HHH000397: Using ASTQueryTranslatorFactory
16:55:40.243 [ INFO] com.zhenxin.sell.SellApplication        : Starting SellApplication on CN6CR552179X with PID 5368 (C:\Users\xzhen\Desktop\project\sell\target\classes started by xzhen in C:\Users\xzhen\Desktop\project\sell)
16:55:40.246 [ INFO] com.zhenxin.sell.SellApplication        : No active profile set, falling back to default profiles: default
16:55:40.297 [ INFO] ationConfigEmbeddedWebApplicationContext: Refreshing org.springframework.boot.context.embedded.AnnotationConfigEmbeddedWebApplicationContext@1283bb96: startup date [Fri Jun 15 16:55:40 CST 2018]; root of context hierarchy
16:55:40.453 [ INFO] o.h.validator.internal.util.Version     : HV000001: Hibernate Validator 5.3.6.Final
16:55:41.363 [ INFO] trationDelegate$BeanPostProcessorChecker: Bean 'org.springframework.transaction.annotation.ProxyTransactionManagementConfiguration' of type [org.springframework.transaction.annotation.ProxyTransactionManagementConfiguration$$EnhancerBySpringCGLIB$$247f80ae] is not eligible for getting processed by all BeanPostProcessors (for example: not eligible for auto-proxying)
16:55:41.787 [ INFO] s.b.c.e.t.TomcatEmbeddedServletContainer: Tomcat initialized with port(s): 9010 (http)
16:55:41.800 [ INFO] o.a.coyote.http11.Http11NioProtocol     : Initializing ProtocolHandler ["http-nio-9010"]
16:55:41.811 [ INFO] o.apache.catalina.core.StandardService  : Starting service [Tomcat]
16:55:41.811 [ INFO] org.apache.catalina.core.StandardEngine : Starting Servlet Engine: Apache Tomcat/8.5.31
16:55:41.948 [ INFO] o.a.c.c.C.[Tomcat].[localhost].[/sell]  : Initializing Spring embedded WebApplicationContext
16:55:41.948 [ INFO] o.s.web.context.ContextLoader           : Root WebApplicationContext: initialization completed in 1651 ms
16:55:42.132 [ INFO] o.s.b.w.servlet.ServletRegistrationBean : Mapping servlet: 'dispatcherServlet' to [/]
16:55:42.136 [ INFO] o.s.b.w.servlet.FilterRegistrationBean  : Mapping filter: 'characterEncodingFilter' to: [/*]
16:55:42.136 [ INFO] o.s.b.w.servlet.FilterRegistrationBean  : Mapping filter: 'hiddenHttpMethodFilter' to: [/*]
16:55:42.136 [ INFO] o.s.b.w.servlet.FilterRegistrationBean  : Mapping filter: 'httpPutFormContentFilter' to: [/*]
16:55:42.137 [ INFO] o.s.b.w.servlet.FilterRegistrationBean  : Mapping filter: 'requestContextFilter' to: [/*]
16:55:42.782 [ INFO] j.LocalContainerEntityManagerFactoryBean: Building JPA container EntityManagerFactory for persistence unit 'default'
16:55:42.793 [ INFO] o.hibernate.jpa.internal.util.LogHelper : HHH000204: Processing PersistenceUnitInfo [
	name: default
	...]
16:55:42.850 [ INFO] org.hibernate.Version                   : HHH000412: Hibernate Core {5.0.12.Final}
16:55:42.852 [ INFO] org.hibernate.cfg.Environment           : HHH000206: hibernate.properties not found
16:55:42.854 [ INFO] org.hibernate.cfg.Environment           : HHH000021: Bytecode provider name : javassist
16:55:42.903 [ INFO] o.hibernate.annotations.common.Version  : HCANN000001: Hibernate Commons Annotations {5.0.1.Final}
16:55:43.017 [ INFO] org.hibernate.dialect.Dialect           : HHH000400: Using dialect: org.hibernate.dialect.MySQL5Dialect
16:55:43.463 [ INFO] j.LocalContainerEntityManagerFactoryBean: Initialized JPA EntityManagerFactory for persistence unit 'default'
16:55:43.956 [ INFO] s.w.s.m.m.a.RequestMappingHandlerAdapter: Looking for @ControllerAdvice: org.springframework.boot.context.embedded.AnnotationConfigEmbeddedWebApplicationContext@1283bb96: startup date [Fri Jun 15 16:55:40 CST 2018]; root of context hierarchy
16:55:44.009 [ INFO] s.w.s.m.m.a.RequestMappingHandlerMapping: Mapped "{[/buyer/order/create],methods=[POST]}" onto public com.zhenxin.sell.VO.ResultVO com.zhenxin.sell.controller.BuyerOrderController.create(com.zhenxin.sell.form.OrderForm,org.springframework.validation.BindingResult)
16:55:44.010 [ INFO] s.w.s.m.m.a.RequestMappingHandlerMapping: Mapped "{[/buyer/order/list],methods=[GET]}" onto public com.zhenxin.sell.VO.ResultVO com.zhenxin.sell.controller.BuyerOrderController.list(org.springframework.data.domain.Pageable,java.lang.String)
16:55:44.010 [ INFO] s.w.s.m.m.a.RequestMappingHandlerMapping: Mapped "{[/buyer/order/cancel],methods=[POST]}" onto public com.zhenxin.sell.VO.ResultVO com.zhenxin.sell.controller.BuyerOrderController.cancel(java.lang.String,java.lang.String)
16:55:44.011 [ INFO] s.w.s.m.m.a.RequestMappingHandlerMapping: Mapped "{[/buyer/order/detail],methods=[GET]}" onto public com.zhenxin.sell.VO.ResultVO com.zhenxin.sell.controller.BuyerOrderController.detail(java.lang.String,java.lang.String)
16:55:44.011 [ INFO] s.w.s.m.m.a.RequestMappingHandlerMapping: Mapped "{[/buyer/product/list],methods=[GET]}" onto public com.zhenxin.sell.VO.ResultVO com.zhenxin.sell.controller.BuyerProductController.list()
16:55:44.012 [ INFO] s.w.s.m.m.a.RequestMappingHandlerMapping: Mapped "{[/seller/order/list],methods=[GET]}" onto public java.lang.String com.zhenxin.sell.controller.SellerOrderController.list(org.springframework.data.domain.Pageable,org.springframework.ui.ModelMap)
16:55:44.012 [ INFO] s.w.s.m.m.a.RequestMappingHandlerMapping: Mapped "{[/seller/order/cancel],methods=[GET]}" onto public java.lang.String com.zhenxin.sell.controller.SellerOrderController.cancel(java.lang.String,org.springframework.ui.ModelMap)
16:55:44.012 [ INFO] s.w.s.m.m.a.RequestMappingHandlerMapping: Mapped "{[/seller/order/finish],methods=[GET]}" onto public java.lang.String com.zhenxin.sell.controller.SellerOrderController.finish(java.lang.String,org.springframework.ui.ModelMap)
16:55:44.012 [ INFO] s.w.s.m.m.a.RequestMappingHandlerMapping: Mapped "{[/seller/order/detail],methods=[GET]}" onto public java.lang.String com.zhenxin.sell.controller.SellerOrderController.detail(java.lang.String,org.springframework.ui.ModelMap)
16:55:44.014 [ INFO] s.w.s.m.m.a.RequestMappingHandlerMapping: Mapped "{[/error]}" onto public org.springframework.http.ResponseEntity<java.util.Map<java.lang.String, java.lang.Object>> org.springframework.boot.autoconfigure.web.BasicErrorController.error(javax.servlet.http.HttpServletRequest)
16:55:44.014 [ INFO] s.w.s.m.m.a.RequestMappingHandlerMapping: Mapped "{[/error],produces=[text/html]}" onto public org.springframework.web.servlet.ModelAndView org.springframework.boot.autoconfigure.web.BasicErrorController.errorHtml(javax.servlet.http.HttpServletRequest,javax.servlet.http.HttpServletResponse)
16:55:44.039 [ INFO] o.s.w.s.handler.SimpleUrlHandlerMapping : Mapped URL path [/webjars/**] onto handler of type [class org.springframework.web.servlet.resource.ResourceHttpRequestHandler]
16:55:44.039 [ INFO] o.s.w.s.handler.SimpleUrlHandlerMapping : Mapped URL path [/**] onto handler of type [class org.springframework.web.servlet.resource.ResourceHttpRequestHandler]
16:55:44.075 [ INFO] o.s.w.s.handler.SimpleUrlHandlerMapping : Mapped URL path [/**/favicon.ico] onto handler of type [class org.springframework.web.servlet.resource.ResourceHttpRequestHandler]
16:55:44.266 [ INFO] o.s.w.s.v.f.FreeMarkerConfigurer        : ClassTemplateLoader for Spring macros added to FreeMarker configuration
16:55:44.379 [ INFO] o.s.j.e.a.AnnotationMBeanExporter       : Registering beans for JMX exposure on startup
16:55:44.394 [ INFO] o.a.coyote.http11.Http11NioProtocol     : Starting ProtocolHandler ["http-nio-9010"]
16:55:44.419 [ INFO] o.a.tomcat.util.net.NioSelectorPool     : Using a shared selector for servlet write/read
16:55:44.447 [ INFO] s.b.c.e.t.TomcatEmbeddedServletContainer: Tomcat started on port(s): 9010 (http)
16:55:44.452 [ INFO] com.zhenxin.sell.SellApplication        : Started SellApplication in 4.917 seconds (JVM running for 6.533)
16:55:47.706 [ INFO] o.a.c.c.C.[Tomcat].[localhost].[/sell]  : Initializing Spring FrameworkServlet 'dispatcherServlet'
16:55:47.706 [ INFO] o.s.web.servlet.DispatcherServlet       : FrameworkServlet 'dispatcherServlet': initialization started
16:55:47.773 [ INFO] o.s.web.servlet.DispatcherServlet       : FrameworkServlet 'dispatcherServlet': initialization completed in 67 ms
16:55:47.983 [ INFO] o.h.h.i.QueryTranslatorFactoryInitiator : HHH000397: Using ASTQueryTranslatorFactory
16:56:49.900 [ INFO] com.zhenxin.sell.SellApplication        : Starting SellApplication on CN6CR552179X with PID 7580 (C:\Users\xzhen\Desktop\project\sell\target\classes started by xzhen in C:\Users\xzhen\Desktop\project\sell)
16:56:49.904 [ INFO] com.zhenxin.sell.SellApplication        : No active profile set, falling back to default profiles: default
16:56:50.008 [ INFO] ationConfigEmbeddedWebApplicationContext: Refreshing org.springframework.boot.context.embedded.AnnotationConfigEmbeddedWebApplicationContext@74f0ea28: startup date [Fri Jun 15 16:56:50 CST 2018]; root of context hierarchy
16:56:50.184 [ INFO] o.h.validator.internal.util.Version     : HV000001: Hibernate Validator 5.3.6.Final
16:56:51.337 [ INFO] trationDelegate$BeanPostProcessorChecker: Bean 'org.springframework.transaction.annotation.ProxyTransactionManagementConfiguration' of type [org.springframework.transaction.annotation.ProxyTransactionManagementConfiguration$$EnhancerBySpringCGLIB$$5fa72150] is not eligible for getting processed by all BeanPostProcessors (for example: not eligible for auto-proxying)
16:56:51.709 [ INFO] s.b.c.e.t.TomcatEmbeddedServletContainer: Tomcat initialized with port(s): 9010 (http)
16:56:51.722 [ INFO] o.a.coyote.http11.Http11NioProtocol     : Initializing ProtocolHandler ["http-nio-9010"]
16:56:51.731 [ INFO] o.apache.catalina.core.StandardService  : Starting service [Tomcat]
16:56:51.731 [ INFO] org.apache.catalina.core.StandardEngine : Starting Servlet Engine: Apache Tomcat/8.5.31
16:56:51.892 [ INFO] o.a.c.c.C.[Tomcat].[localhost].[/sell]  : Initializing Spring embedded WebApplicationContext
16:56:51.892 [ INFO] o.s.web.context.ContextLoader           : Root WebApplicationContext: initialization completed in 1884 ms
16:56:52.060 [ INFO] o.s.b.w.servlet.ServletRegistrationBean : Mapping servlet: 'dispatcherServlet' to [/]
16:56:52.064 [ INFO] o.s.b.w.servlet.FilterRegistrationBean  : Mapping filter: 'characterEncodingFilter' to: [/*]
16:56:52.065 [ INFO] o.s.b.w.servlet.FilterRegistrationBean  : Mapping filter: 'hiddenHttpMethodFilter' to: [/*]
16:56:52.065 [ INFO] o.s.b.w.servlet.FilterRegistrationBean  : Mapping filter: 'httpPutFormContentFilter' to: [/*]
16:56:52.065 [ INFO] o.s.b.w.servlet.FilterRegistrationBean  : Mapping filter: 'requestContextFilter' to: [/*]
16:56:52.642 [ INFO] j.LocalContainerEntityManagerFactoryBean: Building JPA container EntityManagerFactory for persistence unit 'default'
16:56:52.652 [ INFO] o.hibernate.jpa.internal.util.LogHelper : HHH000204: Processing PersistenceUnitInfo [
	name: default
	...]
16:56:52.707 [ INFO] org.hibernate.Version                   : HHH000412: Hibernate Core {5.0.12.Final}
16:56:52.708 [ INFO] org.hibernate.cfg.Environment           : HHH000206: hibernate.properties not found
16:56:52.709 [ INFO] org.hibernate.cfg.Environment           : HHH000021: Bytecode provider name : javassist
16:56:52.746 [ INFO] o.hibernate.annotations.common.Version  : HCANN000001: Hibernate Commons Annotations {5.0.1.Final}
16:56:52.867 [ INFO] org.hibernate.dialect.Dialect           : HHH000400: Using dialect: org.hibernate.dialect.MySQL5Dialect
16:56:53.306 [ INFO] j.LocalContainerEntityManagerFactoryBean: Initialized JPA EntityManagerFactory for persistence unit 'default'
16:56:53.813 [ INFO] s.w.s.m.m.a.RequestMappingHandlerAdapter: Looking for @ControllerAdvice: org.springframework.boot.context.embedded.AnnotationConfigEmbeddedWebApplicationContext@74f0ea28: startup date [Fri Jun 15 16:56:50 CST 2018]; root of context hierarchy
16:56:53.871 [ INFO] s.w.s.m.m.a.RequestMappingHandlerMapping: Mapped "{[/buyer/order/create],methods=[POST]}" onto public com.zhenxin.sell.VO.ResultVO com.zhenxin.sell.controller.BuyerOrderController.create(com.zhenxin.sell.form.OrderForm,org.springframework.validation.BindingResult)
16:56:53.871 [ INFO] s.w.s.m.m.a.RequestMappingHandlerMapping: Mapped "{[/buyer/order/list],methods=[GET]}" onto public com.zhenxin.sell.VO.ResultVO com.zhenxin.sell.controller.BuyerOrderController.list(org.springframework.data.domain.Pageable,java.lang.String)
16:56:53.872 [ INFO] s.w.s.m.m.a.RequestMappingHandlerMapping: Mapped "{[/buyer/order/cancel],methods=[POST]}" onto public com.zhenxin.sell.VO.ResultVO com.zhenxin.sell.controller.BuyerOrderController.cancel(java.lang.String,java.lang.String)
16:56:53.872 [ INFO] s.w.s.m.m.a.RequestMappingHandlerMapping: Mapped "{[/buyer/order/detail],methods=[GET]}" onto public com.zhenxin.sell.VO.ResultVO com.zhenxin.sell.controller.BuyerOrderController.detail(java.lang.String,java.lang.String)
16:56:53.872 [ INFO] s.w.s.m.m.a.RequestMappingHandlerMapping: Mapped "{[/buyer/product/list],methods=[GET]}" onto public com.zhenxin.sell.VO.ResultVO com.zhenxin.sell.controller.BuyerProductController.list()
16:56:53.873 [ INFO] s.w.s.m.m.a.RequestMappingHandlerMapping: Mapped "{[/seller/order/list],methods=[GET]}" onto public java.lang.String com.zhenxin.sell.controller.SellerOrderController.list(org.springframework.data.domain.Pageable,org.springframework.ui.ModelMap)
16:56:53.873 [ INFO] s.w.s.m.m.a.RequestMappingHandlerMapping: Mapped "{[/seller/order/finish],methods=[GET]}" onto public java.lang.String com.zhenxin.sell.controller.SellerOrderController.finish(java.lang.String,org.springframework.ui.ModelMap)
16:56:53.873 [ INFO] s.w.s.m.m.a.RequestMappingHandlerMapping: Mapped "{[/seller/order/cancel],methods=[GET]}" onto public java.lang.String com.zhenxin.sell.controller.SellerOrderController.cancel(java.lang.String,org.springframework.ui.ModelMap)
16:56:53.874 [ INFO] s.w.s.m.m.a.RequestMappingHandlerMapping: Mapped "{[/seller/order/detail],methods=[GET]}" onto public java.lang.String com.zhenxin.sell.controller.SellerOrderController.detail(java.lang.String,org.springframework.ui.ModelMap)
16:56:53.876 [ INFO] s.w.s.m.m.a.RequestMappingHandlerMapping: Mapped "{[/error]}" onto public org.springframework.http.ResponseEntity<java.util.Map<java.lang.String, java.lang.Object>> org.springframework.boot.autoconfigure.web.BasicErrorController.error(javax.servlet.http.HttpServletRequest)
16:56:53.876 [ INFO] s.w.s.m.m.a.RequestMappingHandlerMapping: Mapped "{[/error],produces=[text/html]}" onto public org.springframework.web.servlet.ModelAndView org.springframework.boot.autoconfigure.web.BasicErrorController.errorHtml(javax.servlet.http.HttpServletRequest,javax.servlet.http.HttpServletResponse)
16:56:53.902 [ INFO] o.s.w.s.handler.SimpleUrlHandlerMapping : Mapped URL path [/webjars/**] onto handler of type [class org.springframework.web.servlet.resource.ResourceHttpRequestHandler]
16:56:53.902 [ INFO] o.s.w.s.handler.SimpleUrlHandlerMapping : Mapped URL path [/**] onto handler of type [class org.springframework.web.servlet.resource.ResourceHttpRequestHandler]
16:56:53.931 [ INFO] o.s.w.s.handler.SimpleUrlHandlerMapping : Mapped URL path [/**/favicon.ico] onto handler of type [class org.springframework.web.servlet.resource.ResourceHttpRequestHandler]
16:56:54.116 [ INFO] o.s.w.s.v.f.FreeMarkerConfigurer        : ClassTemplateLoader for Spring macros added to FreeMarker configuration
16:56:54.228 [ INFO] o.s.j.e.a.AnnotationMBeanExporter       : Registering beans for JMX exposure on startup
16:56:54.241 [ INFO] o.a.coyote.http11.Http11NioProtocol     : Starting ProtocolHandler ["http-nio-9010"]
16:56:54.264 [ INFO] o.a.tomcat.util.net.NioSelectorPool     : Using a shared selector for servlet write/read
16:56:54.289 [ INFO] s.b.c.e.t.TomcatEmbeddedServletContainer: Tomcat started on port(s): 9010 (http)
16:56:54.293 [ INFO] com.zhenxin.sell.SellApplication        : Started SellApplication in 4.968 seconds (JVM running for 6.097)
16:57:05.393 [ INFO] o.a.c.c.C.[Tomcat].[localhost].[/sell]  : Initializing Spring FrameworkServlet 'dispatcherServlet'
16:57:05.394 [ INFO] o.s.web.servlet.DispatcherServlet       : FrameworkServlet 'dispatcherServlet': initialization started
16:57:05.421 [ INFO] o.s.web.servlet.DispatcherServlet       : FrameworkServlet 'dispatcherServlet': initialization completed in 27 ms
16:57:05.537 [ INFO] o.h.h.i.QueryTranslatorFactoryInitiator : HHH000397: Using ASTQueryTranslatorFactory
